# JRE version: OpenJDK Runtime Environment Temurin-21.0.8+9 (21.0.8+9) (build 21.0.8+9-LTS)
# Java VM: OpenJDK 64-Bit Server VM Temurin-21.0.8+9 (21.0.8+9-LTS, mixed mode, sharing, tiered, compressed oops, compressed class ptrs, g1 gc, windows-amd64)
GC Precious Log:
 CardTable entry size: 512
 Card Set container configuration: InlinePtr #cards 5 size 8 Array Of Cards #cards 12 size 40 Howl #buckets 4 coarsen threshold 1843 Howl Bitmap #cards 512 size 80 coarsen threshold 460 Card regions per heap region 1 cards per card region 2048
 CPUs: 4 total, 4 available
 Memory: 3790M
 Large Page Support: Disabled
 NUMA Support: Disabled
 Compressed Oops: Enabled (32-bit)
 Heap Region Size: 1M
 Heap Min Capacity: 8M
 Heap Initial Capacity: 60M
 Heap Max Capacity: 948M
 Pre-touch: Disabled
 Parallel Workers: 4
 Concurrent Workers: 1
 Concurrent Refinement Workers: 4
 Periodic GC: Disabled
Heap:
 garbage-first heap   total 76800K, used 48785K [0x00000000c4c00000, 0x0000000100000000)
  region size 1024K, 3 young (3072K), 2 survivors (2048K)
 Metaspace       used 31560K, committed 32000K, reserved 1114112K
  class space    used 4536K, committed 4736K, reserved 1048576K
GC Heap History (20 events):
Event: 1.538 GC heap before
{Heap before GC invocations=0 (full 0):
 garbage-first heap   total 61440K, used 12288K [0x00000000c4c00000, 0x0000000100000000)
  region size 1024K, 13 young (13312K), 0 survivors (0K)
 Metaspace       used 2154K, committed 2304K, reserved 1114112K
  class space    used 225K, committed 320K, reserved 1048576K
}
Event: 1.541 GC heap after
{Heap after GC invocations=1 (full 0):
 garbage-first heap   total 61440K, used 1727K [0x00000000c4c00000, 0x0000000100000000)
  region size 1024K, 2 young (2048K), 2 survivors (2048K)
 Metaspace       used 2154K, committed 2304K, reserved 1114112K
  class space    used 225K, committed 320K, reserved 1048576K
}
Event: 2.312 GC heap before
{Heap before GC invocations=1 (full 0):
 garbage-first heap   total 61440K, used 28351K [0x00000000c4c00000, 0x0000000100000000)
  region size 1024K, 25 young (25600K), 2 survivors (2048K)
 Metaspace       used 8399K, committed 8640K, reserved 1114112K
  class space    used 1097K, committed 1216K, reserved 1048576K
}
Event: 2.320 GC heap after
{Heap after GC invocations=2 (full 0):
 garbage-first heap   total 61440K, used 9506K [0x00000000c4c00000, 0x0000000100000000)
  region size 1024K, 4 young (4096K), 4 survivors (4096K)
 Metaspace       used 8399K, committed 8640K, reserved 1114112K
  class space    used 1097K, committed 1216K, reserved 1048576K
}
Event: 4.862 GC heap before
{Heap before GC invocations=2 (full 0):
 garbage-first heap   total 61440K, used 53538K [0x00000000c4c00000, 0x0000000100000000)
  region size 1024K, 36 young (36864K), 4 survivors (4096K)
 Metaspace       used 15206K, committed 15552K, reserved 1114112K
  class space    used 2373K, committed 2560K, reserved 1048576K
}
Event: 4.871 GC heap after
{Heap after GC invocations=3 (full 0):
 garbage-first heap   total 62464K, used 24823K [0x00000000c4c00000, 0x0000000100000000)
  region size 1024K, 3 young (3072K), 3 survivors (3072K)
 Metaspace       used 15206K, committed 15552K, reserved 1114112K
  class space    used 2373K, committed 2560K, reserved 1048576K
}
Event: 13.564 GC heap before
{Heap before GC invocations=3 (full 0):
 garbage-first heap   total 62464K, used 40183K [0x00000000c4c00000, 0x0000000100000000)
  region size 1024K, 18 young (18432K), 3 survivors (3072K)
 Metaspace       used 21186K, committed 21504K, reserved 1114112K
  class space    used 2965K, committed 3136K, reserved 1048576K
}
Event: 13.570 GC heap after
{Heap after GC invocations=4 (full 0):
 garbage-first heap   total 62464K, used 29839K [0x00000000c4c00000, 0x0000000100000000)
  region size 1024K, 4 young (4096K), 4 survivors (4096K)
 Metaspace       used 21186K, committed 21504K, reserved 1114112K
  class space    used 2965K, committed 3136K, reserved 1048576K
}
Event: 15.084 GC heap before
{Heap before GC invocations=5 (full 0):
 garbage-first heap   total 62464K, used 50319K [0x00000000c4c00000, 0x0000000100000000)
  region size 1024K, 24 young (24576K), 4 survivors (4096K)
 Metaspace       used 27368K, committed 27840K, reserved 1114112K
  class space    used 3869K, committed 4096K, reserved 1048576K
}
Event: 15.090 GC heap after
{Heap after GC invocations=6 (full 0):
 garbage-first heap   total 62464K, used 32731K [0x00000000c4c00000, 0x0000000100000000)
  region size 1024K, 3 young (3072K), 3 survivors (3072K)
 Metaspace       used 27368K, committed 27840K, reserved 1114112K
  class space    used 3869K, committed 4096K, reserved 1048576K
}
Event: 16.107 GC heap before
{Heap before GC invocations=6 (full 0):
 garbage-first heap   total 62464K, used 53211K [0x00000000c4c00000, 0x0000000100000000)
  region size 1024K, 23 young (23552K), 3 survivors (3072K)
 Metaspace       used 29553K, committed 29952K, reserved 1114112K
  class space    used 4273K, committed 4480K, reserved 1048576K
}
Event: 16.122 GC heap after
{Heap after GC invocations=7 (full 0):
 garbage-first heap   total 62464K, used 35956K [0x00000000c4c00000, 0x0000000100000000)
  region size 1024K, 3 young (3072K), 3 survivors (3072K)
 Metaspace       used 29553K, committed 29952K, reserved 1114112K
  class space    used 4273K, committed 4480K, reserved 1048576K
}
Event: 16.463 GC heap before
{Heap before GC invocations=7 (full 0):
 garbage-first heap   total 62464K, used 53364K [0x00000000c4c00000, 0x0000000100000000)
  region size 1024K, 20 young (20480K), 3 survivors (3072K)
 Metaspace       used 30436K, committed 30848K, reserved 1114112K
  class space    used 4415K, committed 4608K, reserved 1048576K
}
Event: 16.471 GC heap after
{Heap after GC invocations=8 (full 0):
 garbage-first heap   total 62464K, used 40955K [0x00000000c4c00000, 0x0000000100000000)
  region size 1024K, 3 young (3072K), 3 survivors (3072K)
 Metaspace       used 30436K, committed 30848K, reserved 1114112K
  class space    used 4415K, committed 4608K, reserved 1048576K
}
Event: 16.705 GC heap before
{Heap before GC invocations=9 (full 0):
 garbage-first heap   total 62464K, used 50171K [0x00000000c4c00000, 0x0000000100000000)
  region size 1024K, 16 young (16384K), 3 survivors (3072K)
 Metaspace       used 30893K, committed 31296K, reserved 1114112K
  class space    used 4502K, committed 4672K, reserved 1048576K
}
Event: 16.713 GC heap after
{Heap after GC invocations=10 (full 0):
 garbage-first heap   total 62464K, used 40960K [0x00000000c4c00000, 0x0000000100000000)
  region size 1024K, 2 young (2048K), 2 survivors (2048K)
 Metaspace       used 30893K, committed 31296K, reserved 1114112K
  class space    used 4502K, committed 4672K, reserved 1048576K
}
Event: 16.890 GC heap before
{Heap before GC invocations=10 (full 0):
 garbage-first heap   total 62464K, used 53248K [0x00000000c4c00000, 0x0000000100000000)
  region size 1024K, 14 young (14336K), 2 survivors (2048K)
 Metaspace       used 31120K, committed 31552K, reserved 1114112K
  class space    used 4512K, committed 4736K, reserved 1048576K
}
Event: 16.898 GC heap after
{Heap after GC invocations=11 (full 0):
 garbage-first heap   total 62464K, used 44929K [0x00000000c4c00000, 0x0000000100000000)
  region size 1024K, 2 young (2048K), 2 survivors (2048K)
 Metaspace       used 31120K, committed 31552K, reserved 1114112K
  class space    used 4512K, committed 4736K, reserved 1048576K
}
Event: 17.091 GC heap before
{Heap before GC invocations=11 (full 0):
 garbage-first heap   total 62464K, used 54145K [0x00000000c4c00000, 0x0000000100000000)
  region size 1024K, 11 young (11264K), 2 survivors (2048K)
 Metaspace       used 31560K, committed 32000K, reserved 1114112K
  class space    used 4536K, committed 4736K, reserved 1048576K
}
Event: 17.098 GC heap after
{Heap after GC invocations=12 (full 0):
 garbage-first heap   total 76800K, used 48785K [0x00000000c4c00000, 0x0000000100000000)
  region size 1024K, 2 young (2048K), 2 survivors (2048K)
 Metaspace       used 31560K, committed 32000K, reserved 1114112K
  class space    used 4536K, committed 4736K, reserved 1048576K
}

