# JRE version: OpenJDK Runtime Environment Temurin-21.0.8+9 (21.0.8+9) (build 21.0.8+9-LTS)
# Java VM: OpenJDK 64-Bit Server VM Temurin-21.0.8+9 (21.0.8+9-LTS, mixed mode, sharing, tiered, compressed oops, compressed class ptrs, g1 gc, windows-amd64)
GC Precious Log:
 CardTable entry size: 512
 Card Set container configuration: InlinePtr #cards 5 size 8 Array Of Cards #cards 12 size 40 Howl #buckets 4 coarsen threshold 1843 Howl Bitmap #cards 512 size 80 coarsen threshold 460 Card regions per heap region 1 cards per card region 2048
 CPUs: 4 total, 4 available
 Memory: 3790M
 Large Page Support: Disabled
 NUMA Support: Disabled
 Compressed Oops: Enabled (32-bit)
 Heap Region Size: 1M
 Heap Min Capacity: 8M
 Heap Initial Capacity: 60M
 Heap Max Capacity: 948M
 Pre-touch: Disabled
 Parallel Workers: 4
 Concurrent Workers: 1
 Concurrent Refinement Workers: 4
 Periodic GC: Disabled
Heap:
 garbage-first heap   total 165888K, used 104232K [0x00000000c4c00000, 0x0000000100000000)
  region size 1024K, 11 young (11264K), 5 survivors (5120K)
 Metaspace       used 30976K, committed 31360K, reserved 1114112K
  class space    used 4349K, committed 4544K, reserved 1048576K
GC Heap History (18 events):
Event: 2.811 GC heap before
{Heap before GC invocations=0 (full 0):
 garbage-first heap   total 61440K, used 12288K [0x00000000c4c00000, 0x0000000100000000)
  region size 1024K, 13 young (13312K), 0 survivors (0K)
 Metaspace       used 2148K, committed 2304K, reserved 1114112K
  class space    used 225K, committed 320K, reserved 1048576K
}
Event: 2.820 GC heap after
{Heap after GC invocations=1 (full 0):
 garbage-first heap   total 61440K, used 1724K [0x00000000c4c00000, 0x0000000100000000)
  region size 1024K, 2 young (2048K), 2 survivors (2048K)
 Metaspace       used 2148K, committed 2304K, reserved 1114112K
  class space    used 225K, committed 320K, reserved 1048576K
}
Event: 4.345 GC heap before
{Heap before GC invocations=1 (full 0):
 garbage-first heap   total 61440K, used 28348K [0x00000000c4c00000, 0x0000000100000000)
  region size 1024K, 25 young (25600K), 2 survivors (2048K)
 Metaspace       used 8396K, committed 8640K, reserved 1114112K
  class space    used 1096K, committed 1216K, reserved 1048576K
}
Event: 4.351 GC heap after
{Heap after GC invocations=2 (full 0):
 garbage-first heap   total 61440K, used 9844K [0x00000000c4c00000, 0x0000000100000000)
  region size 1024K, 4 young (4096K), 4 survivors (4096K)
 Metaspace       used 8396K, committed 8640K, reserved 1114112K
  class space    used 1096K, committed 1216K, reserved 1048576K
}
Event: 8.242 GC heap before
{Heap before GC invocations=2 (full 0):
 garbage-first heap   total 61440K, used 51828K [0x00000000c4c00000, 0x0000000100000000)
  region size 1024K, 36 young (36864K), 4 survivors (4096K)
 Metaspace       used 15186K, committed 15616K, reserved 1114112K
  class space    used 2358K, committed 2560K, reserved 1048576K
}
Event: 8.253 GC heap after
{Heap after GC invocations=3 (full 0):
 garbage-first heap   total 61440K, used 22332K [0x00000000c4c00000, 0x0000000100000000)
  region size 1024K, 5 young (5120K), 5 survivors (5120K)
 Metaspace       used 15186K, committed 15616K, reserved 1114112K
  class space    used 2358K, committed 2560K, reserved 1048576K
}
Event: 19.329 GC heap before
{Heap before GC invocations=3 (full 0):
 garbage-first heap   total 61440K, used 39740K [0x00000000c4c00000, 0x0000000100000000)
  region size 1024K, 21 young (21504K), 5 survivors (5120K)
 Metaspace       used 21165K, committed 21504K, reserved 1114112K
  class space    used 2955K, committed 3072K, reserved 1048576K
}
Event: 19.337 GC heap after
{Heap after GC invocations=4 (full 0):
 garbage-first heap   total 61440K, used 27984K [0x00000000c4c00000, 0x0000000100000000)
  region size 1024K, 4 young (4096K), 4 survivors (4096K)
 Metaspace       used 21165K, committed 21504K, reserved 1114112K
  class space    used 2955K, committed 3072K, reserved 1048576K
}
Event: 20.127 GC heap before
{Heap before GC invocations=5 (full 0):
 garbage-first heap   total 61440K, used 35152K [0x00000000c4c00000, 0x0000000100000000)
  region size 1024K, 12 young (12288K), 4 survivors (4096K)
 Metaspace       used 25062K, committed 25408K, reserved 1114112K
  class space    used 3418K, committed 3584K, reserved 1048576K
}
Event: 20.131 GC heap after
{Heap after GC invocations=6 (full 0):
 garbage-first heap   total 61440K, used 29090K [0x00000000c4c00000, 0x0000000100000000)
  region size 1024K, 2 young (2048K), 2 survivors (2048K)
 Metaspace       used 25062K, committed 25408K, reserved 1114112K
  class space    used 3418K, committed 3584K, reserved 1048576K
}
Event: 20.250 GC heap before
{Heap before GC invocations=6 (full 0):
 garbage-first heap   total 61440K, used 34210K [0x00000000c4c00000, 0x0000000100000000)
  region size 1024K, 3 young (3072K), 2 survivors (2048K)
 Metaspace       used 25104K, committed 25472K, reserved 1114112K
  class space    used 3418K, committed 3584K, reserved 1048576K
}
Event: 20.253 GC heap after
{Heap after GC invocations=7 (full 0):
 garbage-first heap   total 61440K, used 33770K [0x00000000c4c00000, 0x0000000100000000)
  region size 1024K, 1 young (1024K), 1 survivors (1024K)
 Metaspace       used 25104K, committed 25472K, reserved 1114112K
  class space    used 3418K, committed 3584K, reserved 1048576K
}
Event: 22.356 GC heap before
{Heap before GC invocations=8 (full 0):
 garbage-first heap   total 61440K, used 50154K [0x00000000c4c00000, 0x0000000100000000)
  region size 1024K, 20 young (20480K), 1 survivors (1024K)
 Metaspace       used 27812K, committed 28224K, reserved 1114112K
  class space    used 3846K, committed 4032K, reserved 1048576K
}
Event: 22.361 GC heap after
{Heap after GC invocations=9 (full 0):
 garbage-first heap   total 61440K, used 34179K [0x00000000c4c00000, 0x0000000100000000)
  region size 1024K, 3 young (3072K), 3 survivors (3072K)
 Metaspace       used 27812K, committed 28224K, reserved 1114112K
  class space    used 3846K, committed 4032K, reserved 1048576K
}
Event: 24.643 GC heap before
{Heap before GC invocations=9 (full 0):
 garbage-first heap   total 149504K, used 146819K [0x00000000c4c00000, 0x0000000100000000)
  region size 1024K, 18 young (18432K), 3 survivors (3072K)
 Metaspace       used 28991K, committed 29440K, reserved 1114112K
  class space    used 4052K, committed 4288K, reserved 1048576K
}
Event: 24.656 GC heap after
{Heap after GC invocations=10 (full 0):
 garbage-first heap   total 154624K, used 101760K [0x00000000c4c00000, 0x0000000100000000)
  region size 1024K, 3 young (3072K), 3 survivors (3072K)
 Metaspace       used 28991K, committed 29440K, reserved 1114112K
  class space    used 4052K, committed 4288K, reserved 1048576K
}
Event: 26.101 GC heap before
{Heap before GC invocations=10 (full 0):
 garbage-first heap   total 154624K, used 132480K [0x00000000c4c00000, 0x0000000100000000)
  region size 1024K, 34 young (34816K), 3 survivors (3072K)
 Metaspace       used 30912K, committed 31296K, reserved 1114112K
  class space    used 4348K, committed 4544K, reserved 1048576K
}
Event: 26.121 GC heap after
{Heap after GC invocations=11 (full 0):
 garbage-first heap   total 154624K, used 109352K [0x00000000c4c00000, 0x0000000100000000)
  region size 1024K, 5 young (5120K), 5 survivors (5120K)
 Metaspace       used 30912K, committed 31296K, reserved 1114112K
  class space    used 4348K, committed 4544K, reserved 1048576K
}

