# JRE version: OpenJDK Runtime Environment Temurin-21.0.8+9 (21.0.8+9) (build 21.0.8+9-LTS)
# Java VM: OpenJDK 64-Bit Server VM Temurin-21.0.8+9 (21.0.8+9-LTS, mixed mode, sharing, tiered, compressed oops, compressed class ptrs, g1 gc, windows-amd64)
GC Precious Log:
 CardTable entry size: 512
 Card Set container configuration: InlinePtr #cards 5 size 8 Array Of Cards #cards 12 size 40 Howl #buckets 4 coarsen threshold 1843 Howl Bitmap #cards 512 size 80 coarsen threshold 460 Card regions per heap region 1 cards per card region 2048
 CPUs: 4 total, 4 available
 Memory: 3790M
 Large Page Support: Disabled
 NUMA Support: Disabled
 Compressed Oops: Enabled (32-bit)
 Heap Region Size: 1M
 Heap Min Capacity: 8M
 Heap Initial Capacity: 60M
 Heap Max Capacity: 948M
 Pre-touch: Disabled
 Parallel Workers: 4
 Concurrent Workers: 1
 Concurrent Refinement Workers: 4
 Periodic GC: Disabled
Heap:
 garbage-first heap   total 61440K, used 41225K [0x00000000c4c00000, 0x0000000100000000)
  region size 1024K, 20 young (20480K), 5 survivors (5120K)
 Metaspace       used 19298K, committed 19648K, reserved 1114112K
  class space    used 2745K, committed 2880K, reserved 1048576K
GC Heap History (6 events):
Event: 4.829 GC heap before
{Heap before GC invocations=0 (full 0):
 garbage-first heap   total 61440K, used 12288K [0x00000000c4c00000, 0x0000000100000000)
  region size 1024K, 13 young (13312K), 0 survivors (0K)
 Metaspace       used 2160K, committed 2368K, reserved 1114112K
  class space    used 225K, committed 320K, reserved 1048576K
}
Event: 4.844 GC heap after
{Heap after GC invocations=1 (full 0):
 garbage-first heap   total 61440K, used 1664K [0x00000000c4c00000, 0x0000000100000000)
  region size 1024K, 2 young (2048K), 2 survivors (2048K)
 Metaspace       used 2160K, committed 2368K, reserved 1114112K
  class space    used 225K, committed 320K, reserved 1048576K
}
Event: 11.593 GC heap before
{Heap before GC invocations=1 (full 0):
 garbage-first heap   total 61440K, used 26240K [0x00000000c4c00000, 0x0000000100000000)
  region size 1024K, 24 young (24576K), 2 survivors (2048K)
 Metaspace       used 8287K, committed 8512K, reserved 1114112K
  class space    used 1074K, committed 1152K, reserved 1048576K
}
Event: 11.609 GC heap after
{Heap after GC invocations=2 (full 0):
 garbage-first heap   total 61440K, used 8224K [0x00000000c4c00000, 0x0000000100000000)
  region size 1024K, 3 young (3072K), 3 survivors (3072K)
 Metaspace       used 8287K, committed 8512K, reserved 1114112K
  class space    used 1074K, committed 1152K, reserved 1048576K
}
Event: 22.524 GC heap before
{Heap before GC invocations=2 (full 0):
 garbage-first heap   total 61440K, used 52256K [0x00000000c4c00000, 0x0000000100000000)
  region size 1024K, 36 young (36864K), 3 survivors (3072K)
 Metaspace       used 15533K, committed 15872K, reserved 1114112K
  class space    used 2183K, committed 2368K, reserved 1048576K
}
Event: 22.543 GC heap after
{Heap after GC invocations=3 (full 0):
 garbage-first heap   total 61440K, used 23817K [0x00000000c4c00000, 0x0000000100000000)
  region size 1024K, 5 young (5120K), 5 survivors (5120K)
 Metaspace       used 15533K, committed 15872K, reserved 1114112K
  class space    used 2183K, committed 2368K, reserved 1048576K
}

