# JRE version: OpenJDK Runtime Environment Temurin-21.0.8+9 (21.0.8+9) (build 21.0.8+9-LTS)
# Java VM: OpenJDK 64-Bit Server VM Temurin-21.0.8+9 (21.0.8+9-LTS, mixed mode, sharing, tiered, compressed oops, compressed class ptrs, g1 gc, windows-amd64)
GC Precious Log:
 CardTable entry size: 512
 Card Set container configuration: InlinePtr #cards 5 size 8 Array Of Cards #cards 12 size 40 Howl #buckets 4 coarsen threshold 1843 Howl Bitmap #cards 512 size 80 coarsen threshold 460 Card regions per heap region 1 cards per card region 2048
 CPUs: 4 total, 4 available
 Memory: 3790M
 Large Page Support: Disabled
 NUMA Support: Disabled
 Compressed Oops: Enabled (32-bit)
 Heap Region Size: 1M
 Heap Min Capacity: 8M
 Heap Initial Capacity: 60M
 Heap Max Capacity: 948M
 Pre-touch: Disabled
 Parallel Workers: 4
 Concurrent Workers: 1
 Concurrent Refinement Workers: 4
 Periodic GC: Disabled
Heap:
 garbage-first heap   total 302080K, used 277569K [0x00000000c4c00000, 0x0000000100000000)
  region size 1024K, 29 young (29696K), 5 survivors (5120K)
 Metaspace       used 31742K, committed 32192K, reserved 1114112K
  class space    used 4401K, committed 4608K, reserved 1048576K
GC Heap History (20 events):
Event: 2.859 GC heap before
{Heap before GC invocations=0 (full 0):
 garbage-first heap   total 61440K, used 12288K [0x00000000c4c00000, 0x0000000100000000)
  region size 1024K, 13 young (13312K), 0 survivors (0K)
 Metaspace       used 2198K, committed 2432K, reserved 1114112K
  class space    used 227K, committed 320K, reserved 1048576K
}
Event: 2.887 GC heap after
{Heap after GC invocations=1 (full 0):
 garbage-first heap   total 61440K, used 1552K [0x00000000c4c00000, 0x0000000100000000)
  region size 1024K, 2 young (2048K), 2 survivors (2048K)
 Metaspace       used 2198K, committed 2432K, reserved 1114112K
  class space    used 227K, committed 320K, reserved 1048576K
}
Event: 6.490 GC heap before
{Heap before GC invocations=1 (full 0):
 garbage-first heap   total 61440K, used 27152K [0x00000000c4c00000, 0x0000000100000000)
  region size 1024K, 25 young (25600K), 2 survivors (2048K)
 Metaspace       used 8444K, committed 8704K, reserved 1114112K
  class space    used 1097K, committed 1216K, reserved 1048576K
}
Event: 6.496 GC heap after
{Heap after GC invocations=2 (full 0):
 garbage-first heap   total 61440K, used 8321K [0x00000000c4c00000, 0x0000000100000000)
  region size 1024K, 4 young (4096K), 4 survivors (4096K)
 Metaspace       used 8444K, committed 8704K, reserved 1114112K
  class space    used 1097K, committed 1216K, reserved 1048576K
}
Event: 14.702 GC heap before
{Heap before GC invocations=2 (full 0):
 garbage-first heap   total 61440K, used 53377K [0x00000000c4c00000, 0x0000000100000000)
  region size 1024K, 36 young (36864K), 4 survivors (4096K)
 Metaspace       used 15495K, committed 15872K, reserved 1114112K
  class space    used 2189K, committed 2368K, reserved 1048576K
}
Event: 14.723 GC heap after
{Heap after GC invocations=3 (full 0):
 garbage-first heap   total 64512K, used 26068K [0x00000000c4c00000, 0x0000000100000000)
  region size 1024K, 5 young (5120K), 5 survivors (5120K)
 Metaspace       used 15495K, committed 15872K, reserved 1114112K
  class space    used 2189K, committed 2368K, reserved 1048576K
}
Event: 27.440 GC heap before
{Heap before GC invocations=3 (full 0):
 garbage-first heap   total 64512K, used 46548K [0x00000000c4c00000, 0x0000000100000000)
  region size 1024K, 25 young (25600K), 5 survivors (5120K)
 Metaspace       used 21187K, committed 21504K, reserved 1114112K
  class space    used 2972K, committed 3136K, reserved 1048576K
}
Event: 27.448 GC heap after
{Heap after GC invocations=4 (full 0):
 garbage-first heap   total 64512K, used 31163K [0x00000000c4c00000, 0x0000000100000000)
  region size 1024K, 4 young (4096K), 4 survivors (4096K)
 Metaspace       used 21187K, committed 21504K, reserved 1114112K
  class space    used 2972K, committed 3136K, reserved 1048576K
}
Event: 28.569 GC heap before
{Heap before GC invocations=5 (full 0):
 garbage-first heap   total 64512K, used 37307K [0x00000000c4c00000, 0x0000000100000000)
  region size 1024K, 12 young (12288K), 4 survivors (4096K)
 Metaspace       used 25957K, committed 26368K, reserved 1114112K
  class space    used 3517K, committed 3712K, reserved 1048576K
}
Event: 28.573 GC heap after
{Heap after GC invocations=6 (full 0):
 garbage-first heap   total 64512K, used 32145K [0x00000000c4c00000, 0x0000000100000000)
  region size 1024K, 2 young (2048K), 2 survivors (2048K)
 Metaspace       used 25957K, committed 26368K, reserved 1114112K
  class space    used 3517K, committed 3712K, reserved 1048576K
}
Event: 32.734 GC heap before
{Heap before GC invocations=7 (full 0):
 garbage-first heap   total 141312K, used 137617K [0x00000000c4c00000, 0x0000000100000000)
  region size 1024K, 23 young (23552K), 2 survivors (2048K)
 Metaspace       used 28401K, committed 28800K, reserved 1114112K
  class space    used 3912K, committed 4096K, reserved 1048576K
}
Event: 32.742 GC heap after
{Heap after GC invocations=8 (full 0):
 garbage-first heap   total 143360K, used 119416K [0x00000000c4c00000, 0x0000000100000000)
  region size 1024K, 3 young (3072K), 3 survivors (3072K)
 Metaspace       used 28401K, committed 28800K, reserved 1114112K
  class space    used 3912K, committed 4096K, reserved 1048576K
}
Event: 33.857 GC heap before
{Heap before GC invocations=8 (full 0):
 garbage-first heap   total 240640K, used 240248K [0x00000000c4c00000, 0x0000000100000000)
  region size 1024K, 6 young (6144K), 3 survivors (3072K)
 Metaspace       used 28569K, committed 28928K, reserved 1114112K
  class space    used 3916K, committed 4096K, reserved 1048576K
}
Event: 33.869 GC heap after
{Heap after GC invocations=9 (full 0):
 garbage-first heap   total 246784K, used 238367K [0x00000000c4c00000, 0x0000000100000000)
  region size 1024K, 2 young (2048K), 2 survivors (2048K)
 Metaspace       used 28569K, committed 28928K, reserved 1114112K
  class space    used 3916K, committed 4096K, reserved 1048576K
}
Event: 34.168 GC heap before
{Heap before GC invocations=9 (full 0):
 garbage-first heap   total 246784K, used 239391K [0x00000000c4c00000, 0x0000000100000000)
  region size 1024K, 4 young (4096K), 2 survivors (2048K)
 Metaspace       used 28671K, committed 29056K, reserved 1114112K
  class space    used 3919K, committed 4096K, reserved 1048576K
}
Event: 34.170 GC heap after
{Heap after GC invocations=10 (full 0):
 garbage-first heap   total 246784K, used 238255K [0x00000000c4c00000, 0x0000000100000000)
  region size 1024K, 1 young (1024K), 1 survivors (1024K)
 Metaspace       used 28671K, committed 29056K, reserved 1114112K
  class space    used 3919K, committed 4096K, reserved 1048576K
}
Event: 35.751 GC heap before
{Heap before GC invocations=11 (full 0):
 garbage-first heap   total 302080K, used 256687K [0x00000000c4c00000, 0x0000000100000000)
  region size 1024K, 7 young (7168K), 1 survivors (1024K)
 Metaspace       used 28989K, committed 29312K, reserved 1114112K
  class space    used 3960K, committed 4096K, reserved 1048576K
}
Event: 35.754 GC heap after
{Heap after GC invocations=12 (full 0):
 garbage-first heap   total 302080K, used 247393K [0x00000000c4c00000, 0x0000000100000000)
  region size 1024K, 1 young (1024K), 1 survivors (1024K)
 Metaspace       used 28989K, committed 29312K, reserved 1114112K
  class space    used 3960K, committed 4096K, reserved 1048576K
}
Event: 36.374 GC heap before
{Heap before GC invocations=12 (full 0):
 garbage-first heap   total 302080K, used 282209K [0x00000000c4c00000, 0x0000000100000000)
  region size 1024K, 36 young (36864K), 1 survivors (1024K)
 Metaspace       used 31077K, committed 31424K, reserved 1114112K
  class space    used 4349K, committed 4480K, reserved 1048576K
}
Event: 36.391 GC heap after
{Heap after GC invocations=13 (full 0):
 garbage-first heap   total 302080K, used 254017K [0x00000000c4c00000, 0x0000000100000000)
  region size 1024K, 5 young (5120K), 5 survivors (5120K)
 Metaspace       used 31077K, committed 31424K, reserved 1114112K
  class space    used 4349K, committed 4480K, reserved 1048576K
}

