# JRE version: OpenJDK Runtime Environment Temurin-21.0.8+9 (21.0.8+9) (build 21.0.8+9-LTS)
# Java VM: OpenJDK 64-Bit Server VM Temurin-21.0.8+9 (21.0.8+9-LTS, mixed mode, sharing, tiered, compressed oops, compressed class ptrs, g1 gc, windows-amd64)
GC Precious Log:
 CardTable entry size: 512
 Card Set container configuration: InlinePtr #cards 5 size 8 Array Of Cards #cards 12 size 40 Howl #buckets 4 coarsen threshold 1843 Howl Bitmap #cards 512 size 80 coarsen threshold 460 Card regions per heap region 1 cards per card region 2048
 CPUs: 4 total, 4 available
 Memory: 3790M
 Large Page Support: Disabled
 NUMA Support: Disabled
 Compressed Oops: Enabled (32-bit)
 Heap Region Size: 1M
 Heap Min Capacity: 8M
 Heap Initial Capacity: 60M
 Heap Max Capacity: 948M
 Pre-touch: Disabled
 Parallel Workers: 4
 Concurrent Workers: 1
 Concurrent Refinement Workers: 4
 Periodic GC: Disabled
Heap:
 garbage-first heap   total 445440K, used 443934K [0x00000000c4c00000, 0x0000000100000000)
  region size 1024K, 65 young (66560K), 0 survivors (0K)
 Metaspace       used 33945K, committed 34368K, reserved 1114112K
  class space    used 4570K, committed 4736K, reserved 1048576K
GC Heap History (20 events):
Event: 20.582 GC heap after
{Heap after GC invocations=6 (full 0):
 garbage-first heap   total 62464K, used 38872K [0x00000000c4c00000, 0x0000000100000000)
  region size 1024K, 3 young (3072K), 3 survivors (3072K)
 Metaspace       used 27757K, committed 28160K, reserved 1114112K
  class space    used 3780K, committed 3968K, reserved 1048576K
}
Event: 21.427 GC heap before
{Heap before GC invocations=6 (full 0):
 garbage-first heap   total 133120K, used 132056K [0x00000000c4c00000, 0x0000000100000000)
  region size 1024K, 12 young (12288K), 3 survivors (3072K)
 Metaspace       used 28425K, committed 28800K, reserved 1114112K
  class space    used 3912K, committed 4096K, reserved 1048576K
}
Event: 21.436 GC heap after
{Heap after GC invocations=7 (full 0):
 garbage-first heap   total 138240K, used 124695K [0x00000000c4c00000, 0x0000000100000000)
  region size 1024K, 1 young (1024K), 1 survivors (1024K)
 Metaspace       used 28425K, committed 28800K, reserved 1114112K
  class space    used 3912K, committed 4096K, reserved 1048576K
}
Event: 21.452 GC heap before
{Heap before GC invocations=7 (full 0):
 garbage-first heap   total 138240K, used 124695K [0x00000000c4c00000, 0x0000000100000000)
  region size 1024K, 2 young (2048K), 1 survivors (1024K)
 Metaspace       used 28433K, committed 28800K, reserved 1114112K
  class space    used 3912K, committed 4096K, reserved 1048576K
}
Event: 21.454 GC heap after
{Heap after GC invocations=8 (full 0):
 garbage-first heap   total 138240K, used 125221K [0x00000000c4c00000, 0x0000000100000000)
  region size 1024K, 1 young (1024K), 1 survivors (1024K)
 Metaspace       used 28433K, committed 28800K, reserved 1114112K
  class space    used 3912K, committed 4096K, reserved 1048576K
}
Event: 23.037 GC heap before
{Heap before GC invocations=9 (full 0):
 garbage-first heap   total 316416K, used 314661K [0x00000000c4c00000, 0x0000000100000000)
  region size 1024K, 6 young (6144K), 1 survivors (1024K)
 Metaspace       used 28651K, committed 29056K, reserved 1114112K
  class space    used 3920K, committed 4096K, reserved 1048576K
}
Event: 23.040 GC heap after
{Heap after GC invocations=10 (full 0):
 garbage-first heap   total 318464K, used 302324K [0x00000000c4c00000, 0x0000000100000000)
  region size 1024K, 2 young (2048K), 2 survivors (2048K)
 Metaspace       used 28651K, committed 29056K, reserved 1114112K
  class space    used 3920K, committed 4096K, reserved 1048576K
}
Event: 23.929 GC heap before
{Heap before GC invocations=10 (full 0):
 garbage-first heap   total 322560K, used 321780K [0x00000000c4c00000, 0x0000000100000000)
  region size 1024K, 7 young (7168K), 2 survivors (2048K)
 Metaspace       used 28929K, committed 29312K, reserved 1114112K
  class space    used 3959K, committed 4160K, reserved 1048576K
}
Event: 23.933 GC heap after
{Heap after GC invocations=11 (full 0):
 garbage-first heap   total 325632K, used 312992K [0x00000000c4c00000, 0x0000000100000000)
  region size 1024K, 1 young (1024K), 1 survivors (1024K)
 Metaspace       used 28929K, committed 29312K, reserved 1114112K
  class space    used 3959K, committed 4160K, reserved 1048576K
}
Event: 24.129 GC heap before
{Heap before GC invocations=11 (full 0):
 garbage-first heap   total 325632K, used 324256K [0x00000000c4c00000, 0x0000000100000000)
  region size 1024K, 12 young (12288K), 1 survivors (1024K)
 Metaspace       used 29839K, committed 30272K, reserved 1114112K
  class space    used 4153K, committed 4352K, reserved 1048576K
}
Event: 24.134 GC heap after
{Heap after GC invocations=12 (full 0):
 garbage-first heap   total 327680K, used 314578K [0x00000000c4c00000, 0x0000000100000000)
  region size 1024K, 2 young (2048K), 2 survivors (2048K)
 Metaspace       used 29839K, committed 30272K, reserved 1114112K
  class space    used 4153K, committed 4352K, reserved 1048576K
}
Event: 24.296 GC heap before
{Heap before GC invocations=13 (full 0):
 garbage-first heap   total 384000K, used 238802K [0x00000000c4c00000, 0x0000000100000000)
  region size 1024K, 12 young (12288K), 2 survivors (2048K)
 Metaspace       used 30217K, committed 30592K, reserved 1114112K
  class space    used 4207K, committed 4352K, reserved 1048576K
}
Event: 24.303 GC heap after
{Heap after GC invocations=14 (full 0):
 garbage-first heap   total 384000K, used 232004K [0x00000000c4c00000, 0x0000000100000000)
  region size 1024K, 2 young (2048K), 2 survivors (2048K)
 Metaspace       used 30217K, committed 30592K, reserved 1114112K
  class space    used 4207K, committed 4352K, reserved 1048576K
}
Event: 82.788 GC heap before
{Heap before GC invocations=14 (full 0):
 garbage-first heap   total 384000K, used 353860K [0x00000000c4c00000, 0x0000000100000000)
  region size 1024K, 108 young (110592K), 2 survivors (2048K)
 Metaspace       used 32817K, committed 33216K, reserved 1114112K
  class space    used 4498K, committed 4672K, reserved 1048576K
}
Event: 82.987 GC heap after
{Heap after GC invocations=15 (full 0):
 garbage-first heap   total 384000K, used 260185K [0x00000000c4c00000, 0x0000000100000000)
  region size 1024K, 14 young (14336K), 14 survivors (14336K)
 Metaspace       used 32817K, committed 33216K, reserved 1114112K
  class space    used 4498K, committed 4672K, reserved 1048576K
}
Event: 84.378 GC heap before
{Heap before GC invocations=15 (full 0):
 garbage-first heap   total 384000K, used 265305K [0x00000000c4c00000, 0x0000000100000000)
  region size 1024K, 20 young (20480K), 14 survivors (14336K)
 Metaspace       used 32826K, committed 33216K, reserved 1114112K
  class space    used 4498K, committed 4672K, reserved 1048576K
}
Event: 84.551 GC heap after
{Heap after GC invocations=16 (full 0):
 garbage-first heap   total 384000K, used 262374K [0x00000000c4c00000, 0x0000000100000000)
  region size 1024K, 2 young (2048K), 2 survivors (2048K)
 Metaspace       used 32826K, committed 33216K, reserved 1114112K
  class space    used 4498K, committed 4672K, reserved 1048576K
}
Event: 246.960 GC heap before
{Heap before GC invocations=17 (full 0):
 garbage-first heap   total 445440K, used 364774K [0x00000000c4c00000, 0x0000000100000000)
  region size 1024K, 89 young (91136K), 2 survivors (2048K)
 Metaspace       used 33525K, committed 33920K, reserved 1114112K
  class space    used 4533K, committed 4672K, reserved 1048576K
}
Event: 247.058 GC heap after
{Heap after GC invocations=18 (full 0):
 garbage-first heap   total 445440K, used 272926K [0x00000000c4c00000, 0x0000000100000000)
  region size 1024K, 3 young (3072K), 3 survivors (3072K)
 Metaspace       used 33525K, committed 33920K, reserved 1114112K
  class space    used 4533K, committed 4672K, reserved 1048576K
}
Event: 474.431 GC heap before
{Heap before GC invocations=18 (full 0):
 garbage-first heap   total 445440K, used 443934K [0x00000000c4c00000, 0x0000000100000000)
  region size 1024K, 68 young (69632K), 3 survivors (3072K)
 Metaspace       used 33945K, committed 34368K, reserved 1114112K
  class space    used 4570K, committed 4736K, reserved 1048576K
}

