# JRE version: OpenJDK Runtime Environment Temurin-21.0.8+9 (21.0.8+9) (build 21.0.8+9-LTS)
# Java VM: OpenJDK 64-Bit Server VM Temurin-21.0.8+9 (21.0.8+9-LTS, mixed mode, sharing, tiered, compressed oops, compressed class ptrs, g1 gc, windows-amd64)
GC Precious Log:
 CardTable entry size: 512
 Card Set container configuration: InlinePtr #cards 5 size 8 Array Of Cards #cards 12 size 40 Howl #buckets 4 coarsen threshold 1843 Howl Bitmap #cards 512 size 80 coarsen threshold 460 Card regions per heap region 1 cards per card region 2048
 CPUs: 4 total, 4 available
 Memory: 3790M
 Large Page Support: Disabled
 NUMA Support: Disabled
 Compressed Oops: Enabled (32-bit)
 Heap Region Size: 1M
 Heap Min Capacity: 8M
 Heap Initial Capacity: 60M
 Heap Max Capacity: 948M
 Pre-touch: Disabled
 Parallel Workers: 4
 Concurrent Workers: 1
 Concurrent Refinement Workers: 4
 Periodic GC: Disabled
Heap:
 garbage-first heap   total 396288K, used 260545K [0x00000000c4c00000, 0x0000000100000000)
  region size 1024K, 16 young (16384K), 3 survivors (3072K)
 Metaspace       used 31822K, committed 32192K, reserved 1114112K
  class space    used 4400K, committed 4544K, reserved 1048576K
GC Heap History (20 events):
Event: 4.059 GC heap before
{Heap before GC invocations=1 (full 0):
 garbage-first heap   total 61440K, used 28365K [0x00000000c4c00000, 0x0000000100000000)
  region size 1024K, 25 young (25600K), 2 survivors (2048K)
 Metaspace       used 8441K, committed 8704K, reserved 1114112K
  class space    used 1096K, committed 1216K, reserved 1048576K
}
Event: 4.069 GC heap after
{Heap after GC invocations=2 (full 0):
 garbage-first heap   total 61440K, used 9474K [0x00000000c4c00000, 0x0000000100000000)
  region size 1024K, 4 young (4096K), 4 survivors (4096K)
 Metaspace       used 8441K, committed 8704K, reserved 1114112K
  class space    used 1096K, committed 1216K, reserved 1048576K
}
Event: 9.483 GC heap before
{Heap before GC invocations=2 (full 0):
 garbage-first heap   total 61440K, used 53506K [0x00000000c4c00000, 0x0000000100000000)
  region size 1024K, 36 young (36864K), 4 survivors (4096K)
 Metaspace       used 15280K, committed 15680K, reserved 1114112K
  class space    used 2365K, committed 2560K, reserved 1048576K
}
Event: 9.492 GC heap after
{Heap after GC invocations=3 (full 0):
 garbage-first heap   total 62464K, used 24633K [0x00000000c4c00000, 0x0000000100000000)
  region size 1024K, 3 young (3072K), 3 survivors (3072K)
 Metaspace       used 15280K, committed 15680K, reserved 1114112K
  class space    used 2365K, committed 2560K, reserved 1048576K
}
Event: 53.313 GC heap before
{Heap before GC invocations=3 (full 0):
 garbage-first heap   total 62464K, used 41017K [0x00000000c4c00000, 0x0000000100000000)
  region size 1024K, 19 young (19456K), 3 survivors (3072K)
 Metaspace       used 21205K, committed 21504K, reserved 1114112K
  class space    used 2956K, committed 3072K, reserved 1048576K
}
Event: 53.341 GC heap after
{Heap after GC invocations=4 (full 0):
 garbage-first heap   total 62464K, used 29615K [0x00000000c4c00000, 0x0000000100000000)
  region size 1024K, 3 young (3072K), 3 survivors (3072K)
 Metaspace       used 21205K, committed 21504K, reserved 1114112K
  class space    used 2956K, committed 3072K, reserved 1048576K
}
Event: 57.135 GC heap before
{Heap before GC invocations=5 (full 0):
 garbage-first heap   total 62464K, used 59311K [0x00000000c4c00000, 0x0000000100000000)
  region size 1024K, 25 young (25600K), 3 survivors (3072K)
 Metaspace       used 27752K, committed 28160K, reserved 1114112K
  class space    used 3797K, committed 3968K, reserved 1048576K
}
Event: 57.151 GC heap after
{Heap after GC invocations=6 (full 0):
 garbage-first heap   total 66560K, used 39733K [0x00000000c4c00000, 0x0000000100000000)
  region size 1024K, 4 young (4096K), 4 survivors (4096K)
 Metaspace       used 27752K, committed 28160K, reserved 1114112K
  class space    used 3797K, committed 3968K, reserved 1048576K
}
Event: 59.257 GC heap before
{Heap before GC invocations=6 (full 0):
 garbage-first heap   total 235520K, used 234293K [0x00000000c4c00000, 0x0000000100000000)
  region size 1024K, 13 young (13312K), 4 survivors (4096K)
 Metaspace       used 28371K, committed 28736K, reserved 1114112K
  class space    used 3901K, committed 4096K, reserved 1048576K
}
Event: 59.274 GC heap after
{Heap after GC invocations=7 (full 0):
 garbage-first heap   total 241664K, used 226674K [0x00000000c4c00000, 0x0000000100000000)
  region size 1024K, 2 young (2048K), 2 survivors (2048K)
 Metaspace       used 28371K, committed 28736K, reserved 1114112K
  class space    used 3901K, committed 4096K, reserved 1048576K
}
Event: 59.319 GC heap before
{Heap before GC invocations=7 (full 0):
 garbage-first heap   total 241664K, used 226674K [0x00000000c4c00000, 0x0000000100000000)
  region size 1024K, 3 young (3072K), 2 survivors (2048K)
 Metaspace       used 28377K, committed 28800K, reserved 1114112K
  class space    used 3901K, committed 4096K, reserved 1048576K
}
Event: 59.322 GC heap after
{Heap after GC invocations=8 (full 0):
 garbage-first heap   total 241664K, used 226888K [0x00000000c4c00000, 0x0000000100000000)
  region size 1024K, 1 young (1024K), 1 survivors (1024K)
 Metaspace       used 28377K, committed 28800K, reserved 1114112K
  class space    used 3901K, committed 4096K, reserved 1048576K
}
Event: 61.723 GC heap before
{Heap before GC invocations=9 (full 0):
 garbage-first heap   total 357376K, used 333384K [0x00000000c4c00000, 0x0000000100000000)
  region size 1024K, 13 young (13312K), 1 survivors (1024K)
 Metaspace       used 28993K, committed 29376K, reserved 1114112K
  class space    used 3981K, committed 4160K, reserved 1048576K
}
Event: 61.727 GC heap after
{Heap after GC invocations=10 (full 0):
 garbage-first heap   total 357376K, used 324882K [0x00000000c4c00000, 0x0000000100000000)
  region size 1024K, 2 young (2048K), 2 survivors (2048K)
 Metaspace       used 28993K, committed 29376K, reserved 1114112K
  class space    used 3981K, committed 4160K, reserved 1048576K
}
Event: 62.196 GC heap before
{Heap before GC invocations=10 (full 0):
 garbage-first heap   total 357376K, used 340242K [0x00000000c4c00000, 0x0000000100000000)
  region size 1024K, 17 young (17408K), 2 survivors (2048K)
 Metaspace       used 29877K, committed 30272K, reserved 1114112K
  class space    used 4153K, committed 4352K, reserved 1048576K
}
Event: 62.207 GC heap after
{Heap after GC invocations=11 (full 0):
 garbage-first heap   total 357376K, used 327977K [0x00000000c4c00000, 0x0000000100000000)
  region size 1024K, 3 young (3072K), 3 survivors (3072K)
 Metaspace       used 29877K, committed 30272K, reserved 1114112K
  class space    used 4153K, committed 4352K, reserved 1048576K
}
Event: 63.014 GC heap before
{Heap before GC invocations=11 (full 0):
 garbage-first heap   total 357376K, used 342313K [0x00000000c4c00000, 0x0000000100000000)
  region size 1024K, 17 young (17408K), 3 survivors (3072K)
 Metaspace       used 30879K, committed 31296K, reserved 1114112K
  class space    used 4333K, committed 4544K, reserved 1048576K
}
Event: 63.029 GC heap after
{Heap after GC invocations=12 (full 0):
 garbage-first heap   total 357376K, used 331632K [0x00000000c4c00000, 0x0000000100000000)
  region size 1024K, 3 young (3072K), 3 survivors (3072K)
 Metaspace       used 30879K, committed 31296K, reserved 1114112K
  class space    used 4333K, committed 4544K, reserved 1048576K
}
Event: 63.532 GC heap before
{Heap before GC invocations=13 (full 0):
 garbage-first heap   total 396288K, used 253808K [0x00000000c4c00000, 0x0000000100000000)
  region size 1024K, 19 young (19456K), 3 survivors (3072K)
 Metaspace       used 31260K, committed 31680K, reserved 1114112K
  class space    used 4366K, committed 4544K, reserved 1048576K
}
Event: 63.545 GC heap after
{Heap after GC invocations=14 (full 0):
 garbage-first heap   total 396288K, used 243137K [0x00000000c4c00000, 0x0000000100000000)
  region size 1024K, 3 young (3072K), 3 survivors (3072K)
 Metaspace       used 31260K, committed 31680K, reserved 1114112K
  class space    used 4366K, committed 4544K, reserved 1048576K
}

