# JRE version: OpenJDK Runtime Environment Temurin-21.0.8+9 (21.0.8+9) (build 21.0.8+9-LTS)
# Java VM: OpenJDK 64-Bit Server VM Temurin-21.0.8+9 (21.0.8+9-LTS, mixed mode, sharing, tiered, compressed oops, compressed class ptrs, g1 gc, windows-amd64)
GC Precious Log:
 CardTable entry size: 512
 Card Set container configuration: InlinePtr #cards 5 size 8 Array Of Cards #cards 12 size 40 Howl #buckets 4 coarsen threshold 1843 Howl Bitmap #cards 512 size 80 coarsen threshold 460 Card regions per heap region 1 cards per card region 2048
 CPUs: 4 total, 4 available
 Memory: 3790M
 Large Page Support: Disabled
 NUMA Support: Disabled
 Compressed Oops: Enabled (32-bit)
 Heap Region Size: 1M
 Heap Min Capacity: 8M
 Heap Initial Capacity: 60M
 Heap Max Capacity: 948M
 Pre-touch: Disabled
 Parallel Workers: 4
 Concurrent Workers: 1
 Concurrent Refinement Workers: 4
 Periodic GC: Disabled
Heap:
 garbage-first heap   total 182272K, used 105091K [0x00000000c4c00000, 0x0000000100000000)
  region size 1024K, 54 young (55296K), 3 survivors (3072K)
 Metaspace       used 33344K, committed 33728K, reserved 1114112K
  class space    used 4674K, committed 4864K, reserved 1048576K
GC Heap History (20 events):
Event: 4.633 GC heap before
{Heap before GC invocations=1 (full 0):
 garbage-first heap   total 61440K, used 27328K [0x00000000c4c00000, 0x0000000100000000)
  region size 1024K, 25 young (25600K), 2 survivors (2048K)
 Metaspace       used 8414K, committed 8704K, reserved 1114112K
  class space    used 1097K, committed 1216K, reserved 1048576K
}
Event: 4.639 GC heap after
{Heap after GC invocations=2 (full 0):
 garbage-first heap   total 61440K, used 8421K [0x00000000c4c00000, 0x0000000100000000)
  region size 1024K, 4 young (4096K), 4 survivors (4096K)
 Metaspace       used 8414K, committed 8704K, reserved 1114112K
  class space    used 1097K, committed 1216K, reserved 1048576K
}
Event: 10.488 GC heap before
{Heap before GC invocations=2 (full 0):
 garbage-first heap   total 61440K, used 55525K [0x00000000c4c00000, 0x0000000100000000)
  region size 1024K, 36 young (36864K), 4 survivors (4096K)
 Metaspace       used 15219K, committed 15552K, reserved 1114112K
  class space    used 2167K, committed 2304K, reserved 1048576K
}
Event: 10.518 GC heap after
{Heap after GC invocations=3 (full 0):
 garbage-first heap   total 65536K, used 27818K [0x00000000c4c00000, 0x0000000100000000)
  region size 1024K, 4 young (4096K), 4 survivors (4096K)
 Metaspace       used 15219K, committed 15552K, reserved 1114112K
  class space    used 2167K, committed 2304K, reserved 1048576K
}
Event: 20.529 GC heap before
{Heap before GC invocations=3 (full 0):
 garbage-first heap   total 65536K, used 44202K [0x00000000c4c00000, 0x0000000100000000)
  region size 1024K, 22 young (22528K), 4 survivors (4096K)
 Metaspace       used 21133K, committed 21504K, reserved 1114112K
  class space    used 2957K, committed 3072K, reserved 1048576K
}
Event: 20.535 GC heap after
{Heap after GC invocations=4 (full 0):
 garbage-first heap   total 65536K, used 30613K [0x00000000c4c00000, 0x0000000100000000)
  region size 1024K, 3 young (3072K), 3 survivors (3072K)
 Metaspace       used 21133K, committed 21504K, reserved 1114112K
  class space    used 2957K, committed 3072K, reserved 1048576K
}
Event: 21.448 GC heap before
{Heap before GC invocations=5 (full 0):
 garbage-first heap   total 65536K, used 54165K [0x00000000c4c00000, 0x0000000100000000)
  region size 1024K, 27 young (27648K), 3 survivors (3072K)
 Metaspace       used 28053K, committed 28480K, reserved 1114112K
  class space    used 3985K, committed 4160K, reserved 1048576K
}
Event: 21.453 GC heap after
{Heap after GC invocations=6 (full 0):
 garbage-first heap   total 65536K, used 33872K [0x00000000c4c00000, 0x0000000100000000)
  region size 1024K, 4 young (4096K), 4 survivors (4096K)
 Metaspace       used 28053K, committed 28480K, reserved 1114112K
  class space    used 3985K, committed 4160K, reserved 1048576K
}
Event: 21.990 GC heap before
{Heap before GC invocations=6 (full 0):
 garbage-first heap   total 65536K, used 55376K [0x00000000c4c00000, 0x0000000100000000)
  region size 1024K, 25 young (25600K), 4 survivors (4096K)
 Metaspace       used 30733K, committed 31168K, reserved 1114112K
  class space    used 4476K, committed 4672K, reserved 1048576K
}
Event: 22.000 GC heap after
{Heap after GC invocations=7 (full 0):
 garbage-first heap   total 65536K, used 36865K [0x00000000c4c00000, 0x0000000100000000)
  region size 1024K, 4 young (4096K), 4 survivors (4096K)
 Metaspace       used 30733K, committed 31168K, reserved 1114112K
  class space    used 4476K, committed 4672K, reserved 1048576K
}
Event: 22.287 GC heap before
{Heap before GC invocations=8 (full 0):
 garbage-first heap   total 65536K, used 50177K [0x00000000c4c00000, 0x0000000100000000)
  region size 1024K, 22 young (22528K), 4 survivors (4096K)
 Metaspace       used 31259K, committed 31680K, reserved 1114112K
  class space    used 4542K, committed 4736K, reserved 1048576K
}
Event: 22.299 GC heap after
{Heap after GC invocations=9 (full 0):
 garbage-first heap   total 65536K, used 36864K [0x00000000c4c00000, 0x0000000100000000)
  region size 1024K, 3 young (3072K), 3 survivors (3072K)
 Metaspace       used 31259K, committed 31680K, reserved 1114112K
  class space    used 4542K, committed 4736K, reserved 1048576K
}
Event: 22.549 GC heap before
{Heap before GC invocations=9 (full 0):
 garbage-first heap   total 65536K, used 55296K [0x00000000c4c00000, 0x0000000100000000)
  region size 1024K, 21 young (21504K), 3 survivors (3072K)
 Metaspace       used 31859K, committed 32256K, reserved 1114112K
  class space    used 4630K, committed 4800K, reserved 1048576K
}
Event: 22.562 GC heap after
{Heap after GC invocations=10 (full 0):
 garbage-first heap   total 65536K, used 42870K [0x00000000c4c00000, 0x0000000100000000)
  region size 1024K, 3 young (3072K), 3 survivors (3072K)
 Metaspace       used 31859K, committed 32256K, reserved 1114112K
  class space    used 4630K, committed 4800K, reserved 1048576K
}
Event: 22.691 GC heap before
{Heap before GC invocations=10 (full 0):
 garbage-first heap   total 65536K, used 56182K [0x00000000c4c00000, 0x0000000100000000)
  region size 1024K, 16 young (16384K), 3 survivors (3072K)
 Metaspace       used 32049K, committed 32448K, reserved 1114112K
  class space    used 4634K, committed 4800K, reserved 1048576K
}
Event: 22.700 GC heap after
{Heap after GC invocations=11 (full 0):
 garbage-first heap   total 65536K, used 47673K [0x00000000c4c00000, 0x0000000100000000)
  region size 1024K, 2 young (2048K), 2 survivors (2048K)
 Metaspace       used 32049K, committed 32448K, reserved 1114112K
  class space    used 4634K, committed 4800K, reserved 1048576K
}
Event: 22.790 GC heap before
{Heap before GC invocations=12 (full 0):
 garbage-first heap   total 80896K, used 56889K [0x00000000c4c00000, 0x0000000100000000)
  region size 1024K, 11 young (11264K), 2 survivors (2048K)
 Metaspace       used 32111K, committed 32512K, reserved 1114112K
  class space    used 4637K, committed 4800K, reserved 1048576K
}
Event: 22.798 GC heap after
{Heap after GC invocations=13 (full 0):
 garbage-first heap   total 80896K, used 51200K [0x00000000c4c00000, 0x0000000100000000)
  region size 1024K, 2 young (2048K), 2 survivors (2048K)
 Metaspace       used 32111K, committed 32512K, reserved 1114112K
  class space    used 4637K, committed 4800K, reserved 1048576K
}
Event: 23.199 GC heap before
{Heap before GC invocations=13 (full 0):
 garbage-first heap   total 80896K, used 66560K [0x00000000c4c00000, 0x0000000100000000)
  region size 1024K, 18 young (18432K), 2 survivors (2048K)
 Metaspace       used 32536K, committed 32896K, reserved 1114112K
  class space    used 4661K, committed 4800K, reserved 1048576K
}
Event: 23.209 GC heap after
{Heap after GC invocations=14 (full 0):
 garbage-first heap   total 182272K, used 54915K [0x00000000c4c00000, 0x0000000100000000)
  region size 1024K, 3 young (3072K), 3 survivors (3072K)
 Metaspace       used 32536K, committed 32896K, reserved 1114112K
  class space    used 4661K, committed 4800K, reserved 1048576K
}

