# JRE version: OpenJDK Runtime Environment Temurin-21.0.8+9 (21.0.8+9) (build 21.0.8+9-LTS)
# Java VM: OpenJDK 64-Bit Server VM Temurin-21.0.8+9 (21.0.8+9-LTS, mixed mode, sharing, tiered, compressed oops, compressed class ptrs, g1 gc, windows-amd64)
GC Precious Log:
 CardTable entry size: 512
 Card Set container configuration: InlinePtr #cards 5 size 8 Array Of Cards #cards 12 size 40 Howl #buckets 4 coarsen threshold 1843 Howl Bitmap #cards 512 size 80 coarsen threshold 460 Card regions per heap region 1 cards per card region 2048
 CPUs: 4 total, 4 available
 Memory: 3790M
 Large Page Support: Disabled
 NUMA Support: Disabled
 Compressed Oops: Enabled (32-bit)
 Heap Region Size: 1M
 Heap Min Capacity: 8M
 Heap Initial Capacity: 60M
 Heap Max Capacity: 948M
 Pre-touch: Disabled
 Parallel Workers: 4
 Concurrent Workers: 1
 Concurrent Refinement Workers: 4
 Periodic GC: Disabled
Heap:
 garbage-first heap   total 107520K, used 56447K [0x00000000c4c00000, 0x0000000100000000)
  region size 1024K, 4 young (4096K), 3 survivors (3072K)
 Metaspace       used 31976K, committed 32448K, reserved 1114112K
  class space    used 4528K, committed 4736K, reserved 1048576K
GC Heap History (20 events):
Event: 16.316 GC heap before
{Heap before GC invocations=2 (full 0):
 garbage-first heap   total 61440K, used 53643K [0x00000000c4c00000, 0x0000000100000000)
  region size 1024K, 36 young (36864K), 4 survivors (4096K)
 Metaspace       used 15206K, committed 15488K, reserved 1114112K
  class space    used 2362K, committed 2496K, reserved 1048576K
}
Event: 16.334 GC heap after
{Heap after GC invocations=3 (full 0):
 garbage-first heap   total 62464K, used 24548K [0x00000000c4c00000, 0x0000000100000000)
  region size 1024K, 3 young (3072K), 3 survivors (3072K)
 Metaspace       used 15206K, committed 15488K, reserved 1114112K
  class space    used 2362K, committed 2496K, reserved 1048576K
}
Event: 27.814 GC heap before
{Heap before GC invocations=3 (full 0):
 garbage-first heap   total 62464K, used 39908K [0x00000000c4c00000, 0x0000000100000000)
  region size 1024K, 18 young (18432K), 3 survivors (3072K)
 Metaspace       used 21240K, committed 21504K, reserved 1114112K
  class space    used 2959K, committed 3072K, reserved 1048576K
}
Event: 27.837 GC heap after
{Heap after GC invocations=4 (full 0):
 garbage-first heap   total 62464K, used 29463K [0x00000000c4c00000, 0x0000000100000000)
  region size 1024K, 3 young (3072K), 3 survivors (3072K)
 Metaspace       used 21240K, committed 21504K, reserved 1114112K
  class space    used 2959K, committed 3072K, reserved 1048576K
}
Event: 29.512 GC heap before
{Heap before GC invocations=5 (full 0):
 garbage-first heap   total 62464K, used 50967K [0x00000000c4c00000, 0x0000000100000000)
  region size 1024K, 25 young (25600K), 3 survivors (3072K)
 Metaspace       used 27499K, committed 27840K, reserved 1114112K
  class space    used 3894K, committed 4032K, reserved 1048576K
}
Event: 29.524 GC heap after
{Heap after GC invocations=6 (full 0):
 garbage-first heap   total 62464K, used 33070K [0x00000000c4c00000, 0x0000000100000000)
  region size 1024K, 4 young (4096K), 4 survivors (4096K)
 Metaspace       used 27499K, committed 27840K, reserved 1114112K
  class space    used 3894K, committed 4032K, reserved 1048576K
}
Event: 30.793 GC heap before
{Heap before GC invocations=6 (full 0):
 garbage-first heap   total 62464K, used 53550K [0x00000000c4c00000, 0x0000000100000000)
  region size 1024K, 23 young (23552K), 4 survivors (4096K)
 Metaspace       used 29750K, committed 30144K, reserved 1114112K
  class space    used 4299K, committed 4480K, reserved 1048576K
}
Event: 30.805 GC heap after
{Heap after GC invocations=7 (full 0):
 garbage-first heap   total 63488K, used 38002K [0x00000000c4c00000, 0x0000000100000000)
  region size 1024K, 3 young (3072K), 3 survivors (3072K)
 Metaspace       used 29750K, committed 30144K, reserved 1114112K
  class space    used 4299K, committed 4480K, reserved 1048576K
}
Event: 31.172 GC heap before
{Heap before GC invocations=7 (full 0):
 garbage-first heap   total 63488K, used 54386K [0x00000000c4c00000, 0x0000000100000000)
  region size 1024K, 19 young (19456K), 3 survivors (3072K)
 Metaspace       used 30391K, committed 30784K, reserved 1114112K
  class space    used 4392K, committed 4608K, reserved 1048576K
}
Event: 31.181 GC heap after
{Heap after GC invocations=8 (full 0):
 garbage-first heap   total 63488K, used 42337K [0x00000000c4c00000, 0x0000000100000000)
  region size 1024K, 3 young (3072K), 3 survivors (3072K)
 Metaspace       used 30391K, committed 30784K, reserved 1114112K
  class space    used 4392K, committed 4608K, reserved 1048576K
}
Event: 31.430 GC heap before
{Heap before GC invocations=9 (full 0):
 garbage-first heap   total 65536K, used 50529K [0x00000000c4c00000, 0x0000000100000000)
  region size 1024K, 15 young (15360K), 3 survivors (3072K)
 Metaspace       used 30775K, committed 31168K, reserved 1114112K
  class space    used 4474K, committed 4672K, reserved 1048576K
}
Event: 31.442 GC heap after
{Heap after GC invocations=10 (full 0):
 garbage-first heap   total 65536K, used 42520K [0x00000000c4c00000, 0x0000000100000000)
  region size 1024K, 2 young (2048K), 2 survivors (2048K)
 Metaspace       used 30775K, committed 31168K, reserved 1114112K
  class space    used 4474K, committed 4672K, reserved 1048576K
}
Event: 31.823 GC heap before
{Heap before GC invocations=10 (full 0):
 garbage-first heap   total 65536K, used 55832K [0x00000000c4c00000, 0x0000000100000000)
  region size 1024K, 15 young (15360K), 2 survivors (2048K)
 Metaspace       used 31071K, committed 31552K, reserved 1114112K
  class space    used 4489K, committed 4736K, reserved 1048576K
}
Event: 31.835 GC heap after
{Heap after GC invocations=11 (full 0):
 garbage-first heap   total 65536K, used 47104K [0x00000000c4c00000, 0x0000000100000000)
  region size 1024K, 2 young (2048K), 2 survivors (2048K)
 Metaspace       used 31071K, committed 31552K, reserved 1114112K
  class space    used 4489K, committed 4736K, reserved 1048576K
}
Event: 32.010 GC heap before
{Heap before GC invocations=11 (full 0):
 garbage-first heap   total 65536K, used 57344K [0x00000000c4c00000, 0x0000000100000000)
  region size 1024K, 12 young (12288K), 2 survivors (2048K)
 Metaspace       used 31142K, committed 31616K, reserved 1114112K
  class space    used 4489K, committed 4736K, reserved 1048576K
}
Event: 32.018 GC heap after
{Heap after GC invocations=12 (full 0):
 garbage-first heap   total 65536K, used 50425K [0x00000000c4c00000, 0x0000000100000000)
  region size 1024K, 2 young (2048K), 2 survivors (2048K)
 Metaspace       used 31142K, committed 31616K, reserved 1114112K
  class space    used 4489K, committed 4736K, reserved 1048576K
}
Event: 32.392 GC heap before
{Heap before GC invocations=13 (full 0):
 garbage-first heap   total 86016K, used 57593K [0x00000000c4c00000, 0x0000000100000000)
  region size 1024K, 9 young (9216K), 2 survivors (2048K)
 Metaspace       used 31224K, committed 31680K, reserved 1114112K
  class space    used 4494K, committed 4736K, reserved 1048576K
}
Event: 32.400 GC heap after
{Heap after GC invocations=14 (full 0):
 garbage-first heap   total 86016K, used 53066K [0x00000000c4c00000, 0x0000000100000000)
  region size 1024K, 2 young (2048K), 2 survivors (2048K)
 Metaspace       used 31224K, committed 31680K, reserved 1114112K
  class space    used 4494K, committed 4736K, reserved 1048576K
}
Event: 38.437 GC heap before
{Heap before GC invocations=14 (full 0):
 garbage-first heap   total 86016K, used 71498K [0x00000000c4c00000, 0x0000000100000000)
  region size 1024K, 20 young (20480K), 2 survivors (2048K)
 Metaspace       used 31929K, committed 32320K, reserved 1114112K
  class space    used 4528K, committed 4736K, reserved 1048576K
}
Event: 38.461 GC heap after
{Heap after GC invocations=15 (full 0):
 garbage-first heap   total 107520K, used 56447K [0x00000000c4c00000, 0x0000000100000000)
  region size 1024K, 3 young (3072K), 3 survivors (3072K)
 Metaspace       used 31929K, committed 32320K, reserved 1114112K
  class space    used 4528K, committed 4736K, reserved 1048576K
}

