# JRE version: OpenJDK Runtime Environment Temurin-21.0.8+9 (21.0.8+9) (build 21.0.8+9-LTS)
# Java VM: OpenJDK 64-Bit Server VM Temurin-21.0.8+9 (21.0.8+9-LTS, mixed mode, sharing, tiered, compressed oops, compressed class ptrs, g1 gc, windows-amd64)
GC Precious Log:
 CardTable entry size: 512
 Card Set container configuration: InlinePtr #cards 5 size 8 Array Of Cards #cards 12 size 40 Howl #buckets 4 coarsen threshold 1843 Howl Bitmap #cards 512 size 80 coarsen threshold 460 Card regions per heap region 1 cards per card region 2048
 CPUs: 4 total, 4 available
 Memory: 3790M
 Large Page Support: Disabled
 NUMA Support: Disabled
 Compressed Oops: Enabled (32-bit)
 Heap Region Size: 1M
 Heap Min Capacity: 8M
 Heap Initial Capacity: 60M
 Heap Max Capacity: 948M
 Pre-touch: Disabled
 Parallel Workers: 4
 Concurrent Workers: 1
 Concurrent Refinement Workers: 4
 Periodic GC: Disabled
Heap:
 garbage-first heap   total 71680K, used 26824K [0x00000000c4c00000, 0x0000000100000000)
  region size 1024K, 4 young (4096K), 1 survivors (1024K)
 Metaspace       used 27276K, committed 27648K, reserved 1114112K
  class space    used 3610K, committed 3776K, reserved 1048576K
GC Heap History (20 events):
Event: 54.760 GC heap before
{Heap before GC invocations=5 (full 0):
 garbage-first heap   total 61440K, used 40431K [0x00000000c4c00000, 0x0000000100000000)
  region size 1024K, 16 young (16384K), 4 survivors (4096K)
 Metaspace       used 26200K, committed 26560K, reserved 1114112K
  class space    used 3576K, committed 3712K, reserved 1048576K
}
Event: 54.767 GC heap after
{Heap after GC invocations=6 (full 0):
 garbage-first heap   total 61440K, used 30593K [0x00000000c4c00000, 0x0000000100000000)
  region size 1024K, 2 young (2048K), 2 survivors (2048K)
 Metaspace       used 26200K, committed 26560K, reserved 1114112K
  class space    used 3576K, committed 3712K, reserved 1048576K
}
Event: 101.206 GC heap before
{Heap before GC invocations=7 (full 0):
 garbage-first heap   total 61440K, used 36737K [0x00000000c4c00000, 0x0000000100000000)
  region size 1024K, 13 young (13312K), 2 survivors (2048K)
 Metaspace       used 26765K, committed 27136K, reserved 1114112K
  class space    used 3604K, committed 3776K, reserved 1048576K
}
Event: 101.259 GC heap after
{Heap after GC invocations=8 (full 0):
 garbage-first heap   total 61440K, used 28650K [0x00000000c4c00000, 0x0000000100000000)
  region size 1024K, 3 young (3072K), 3 survivors (3072K)
 Metaspace       used 26765K, committed 27136K, reserved 1114112K
  class space    used 3604K, committed 3776K, reserved 1048576K
}
Event: 103.350 GC heap before
{Heap before GC invocations=8 (full 0):
 garbage-first heap   total 61440K, used 32746K [0x00000000c4c00000, 0x0000000100000000)
  region size 1024K, 4 young (4096K), 3 survivors (3072K)
 Metaspace       used 26770K, committed 27136K, reserved 1114112K
  class space    used 3604K, committed 3776K, reserved 1048576K
}
Event: 104.235 GC heap after
{Heap after GC invocations=9 (full 0):
 garbage-first heap   total 61440K, used 33254K [0x00000000c4c00000, 0x0000000100000000)
  region size 1024K, 1 young (1024K), 1 survivors (1024K)
 Metaspace       used 26770K, committed 27136K, reserved 1114112K
  class space    used 3604K, committed 3776K, reserved 1048576K
}
Event: 115.763 GC heap before
{Heap before GC invocations=10 (full 0):
 garbage-first heap   total 71680K, used 43494K [0x00000000c4c00000, 0x0000000100000000)
  region size 1024K, 3 young (3072K), 1 survivors (1024K)
 Metaspace       used 26887K, committed 27264K, reserved 1114112K
  class space    used 3604K, committed 3776K, reserved 1048576K
}
Event: 115.768 GC heap after
{Heap after GC invocations=11 (full 0):
 garbage-first heap   total 71680K, used 41662K [0x00000000c4c00000, 0x0000000100000000)
  region size 1024K, 1 young (1024K), 1 survivors (1024K)
 Metaspace       used 26887K, committed 27264K, reserved 1114112K
  class space    used 3604K, committed 3776K, reserved 1048576K
}
Event: 131.862 GC heap before
{Heap before GC invocations=11 (full 0):
 garbage-first heap   total 71680K, used 51902K [0x00000000c4c00000, 0x0000000100000000)
  region size 1024K, 5 young (5120K), 1 survivors (1024K)
 Metaspace       used 27242K, committed 27584K, reserved 1114112K
  class space    used 3610K, committed 3776K, reserved 1048576K
}
Event: 132.942 GC heap after
{Heap after GC invocations=12 (full 0):
 garbage-first heap   total 71680K, used 48437K [0x00000000c4c00000, 0x0000000100000000)
  region size 1024K, 1 young (1024K), 1 survivors (1024K)
 Metaspace       used 27242K, committed 27584K, reserved 1114112K
  class space    used 3610K, committed 3776K, reserved 1048576K
}
Event: 144.812 GC heap before
{Heap before GC invocations=12 (full 0):
 garbage-first heap   total 71680K, used 50485K [0x00000000c4c00000, 0x0000000100000000)
  region size 1024K, 3 young (3072K), 1 survivors (1024K)
 Metaspace       used 27244K, committed 27584K, reserved 1114112K
  class space    used 3610K, committed 3776K, reserved 1048576K
}
Event: 144.821 GC heap after
{Heap after GC invocations=13 (full 0):
 garbage-first heap   total 71680K, used 48698K [0x00000000c4c00000, 0x0000000100000000)
  region size 1024K, 1 young (1024K), 1 survivors (1024K)
 Metaspace       used 27244K, committed 27584K, reserved 1114112K
  class space    used 3610K, committed 3776K, reserved 1048576K
}
Event: 157.900 GC heap before
{Heap before GC invocations=14 (full 0):
 garbage-first heap   total 71680K, used 38458K [0x00000000c4c00000, 0x0000000100000000)
  region size 1024K, 3 young (3072K), 1 survivors (1024K)
 Metaspace       used 27245K, committed 27584K, reserved 1114112K
  class space    used 3610K, committed 3776K, reserved 1048576K
}
Event: 157.922 GC heap after
{Heap after GC invocations=15 (full 0):
 garbage-first heap   total 71680K, used 36693K [0x00000000c4c00000, 0x0000000100000000)
  region size 1024K, 1 young (1024K), 1 survivors (1024K)
 Metaspace       used 27245K, committed 27584K, reserved 1114112K
  class space    used 3610K, committed 3776K, reserved 1048576K
}
Event: 170.767 GC heap before
{Heap before GC invocations=15 (full 0):
 garbage-first heap   total 71680K, used 38741K [0x00000000c4c00000, 0x0000000100000000)
  region size 1024K, 3 young (3072K), 1 survivors (1024K)
 Metaspace       used 27245K, committed 27584K, reserved 1114112K
  class space    used 3610K, committed 3776K, reserved 1048576K
}
Event: 170.789 GC heap after
{Heap after GC invocations=16 (full 0):
 garbage-first heap   total 71680K, used 36747K [0x00000000c4c00000, 0x0000000100000000)
  region size 1024K, 1 young (1024K), 1 survivors (1024K)
 Metaspace       used 27245K, committed 27584K, reserved 1114112K
  class space    used 3610K, committed 3776K, reserved 1048576K
}
Event: 188.157 GC heap before
{Heap before GC invocations=16 (full 0):
 garbage-first heap   total 71680K, used 38795K [0x00000000c4c00000, 0x0000000100000000)
  region size 1024K, 3 young (3072K), 1 survivors (1024K)
 Metaspace       used 27267K, committed 27648K, reserved 1114112K
  class space    used 3610K, committed 3776K, reserved 1048576K
}
Event: 188.206 GC heap after
{Heap after GC invocations=17 (full 0):
 garbage-first heap   total 71680K, used 37183K [0x00000000c4c00000, 0x0000000100000000)
  region size 1024K, 1 young (1024K), 1 survivors (1024K)
 Metaspace       used 27267K, committed 27648K, reserved 1114112K
  class space    used 3610K, committed 3776K, reserved 1048576K
}
Event: 209.539 GC heap before
{Heap before GC invocations=18 (full 0):
 garbage-first heap   total 71680K, used 26943K [0x00000000c4c00000, 0x0000000100000000)
  region size 1024K, 3 young (3072K), 1 survivors (1024K)
 Metaspace       used 27275K, committed 27648K, reserved 1114112K
  class space    used 3610K, committed 3776K, reserved 1048576K
}
Event: 209.583 GC heap after
{Heap after GC invocations=19 (full 0):
 garbage-first heap   total 71680K, used 24776K [0x00000000c4c00000, 0x0000000100000000)
  region size 1024K, 1 young (1024K), 1 survivors (1024K)
 Metaspace       used 27275K, committed 27648K, reserved 1114112K
  class space    used 3610K, committed 3776K, reserved 1048576K
}

