# JRE version: OpenJDK Runtime Environment Temurin-21.0.8+9 (21.0.8+9) (build 21.0.8+9-LTS)
# Java VM: OpenJDK 64-Bit Server VM Temurin-21.0.8+9 (21.0.8+9-LTS, mixed mode, sharing, tiered, compressed oops, compressed class ptrs, g1 gc, windows-amd64)
GC Precious Log:
 CardTable entry size: 512
 Card Set container configuration: InlinePtr #cards 5 size 8 Array Of Cards #cards 12 size 40 Howl #buckets 4 coarsen threshold 1843 Howl Bitmap #cards 512 size 80 coarsen threshold 460 Card regions per heap region 1 cards per card region 2048
 CPUs: 4 total, 4 available
 Memory: 3790M
 Large Page Support: Disabled
 NUMA Support: Disabled
 Compressed Oops: Enabled (32-bit)
 Heap Region Size: 1M
 Heap Min Capacity: 8M
 Heap Initial Capacity: 60M
 Heap Max Capacity: 948M
 Pre-touch: Disabled
 Parallel Workers: 4
 Concurrent Workers: 1
 Concurrent Refinement Workers: 4
 Periodic GC: Disabled
Heap:
 garbage-first heap   total 486400K, used 466470K [0x00000000c4c00000, 0x0000000100000000)
  region size 1024K, 2 young (2048K), 1 survivors (1024K)
 Metaspace       used 32157K, committed 32640K, reserved 1114112K
  class space    used 4402K, committed 4608K, reserved 1048576K
GC Heap History (20 events):
Event: 42.946 GC heap before
{Heap before GC invocations=3 (full 0):
 garbage-first heap   total 65536K, used 46412K [0x00000000c4c00000, 0x0000000100000000)
  region size 1024K, 25 young (25600K), 5 survivors (5120K)
 Metaspace       used 21181K, committed 21504K, reserved 1114112K
  class space    used 2954K, committed 3136K, reserved 1048576K
}
Event: 42.959 GC heap after
{Heap after GC invocations=4 (full 0):
 garbage-first heap   total 65536K, used 30639K [0x00000000c4c00000, 0x0000000100000000)
  region size 1024K, 3 young (3072K), 3 survivors (3072K)
 Metaspace       used 21181K, committed 21504K, reserved 1114112K
  class space    used 2954K, committed 3136K, reserved 1048576K
}
Event: 45.913 GC heap before
{Heap before GC invocations=5 (full 0):
 garbage-first heap   total 65536K, used 60335K [0x00000000c4c00000, 0x0000000100000000)
  region size 1024K, 26 young (26624K), 3 survivors (3072K)
 Metaspace       used 28021K, committed 28480K, reserved 1114112K
  class space    used 3847K, committed 4096K, reserved 1048576K
}
Event: 45.919 GC heap after
{Heap after GC invocations=6 (full 0):
 garbage-first heap   total 68608K, used 41322K [0x00000000c4c00000, 0x0000000100000000)
  region size 1024K, 4 young (4096K), 4 survivors (4096K)
 Metaspace       used 28021K, committed 28480K, reserved 1114112K
  class space    used 3847K, committed 4096K, reserved 1048576K
}
Event: 48.106 GC heap before
{Heap before GC invocations=6 (full 0):
 garbage-first heap   total 236544K, used 235882K [0x00000000c4c00000, 0x0000000100000000)
  region size 1024K, 11 young (11264K), 4 survivors (4096K)
 Metaspace       used 28386K, committed 28800K, reserved 1114112K
  class space    used 3898K, committed 4096K, reserved 1048576K
}
Event: 48.118 GC heap after
{Heap after GC invocations=7 (full 0):
 garbage-first heap   total 242688K, used 229743K [0x00000000c4c00000, 0x0000000100000000)
  region size 1024K, 2 young (2048K), 2 survivors (2048K)
 Metaspace       used 28386K, committed 28800K, reserved 1114112K
  class space    used 3898K, committed 4096K, reserved 1048576K
}
Event: 48.126 GC heap before
{Heap before GC invocations=7 (full 0):
 garbage-first heap   total 242688K, used 229743K [0x00000000c4c00000, 0x0000000100000000)
  region size 1024K, 3 young (3072K), 2 survivors (2048K)
 Metaspace       used 28392K, committed 28800K, reserved 1114112K
  class space    used 3899K, committed 4096K, reserved 1048576K
}
Event: 48.128 GC heap after
{Heap after GC invocations=8 (full 0):
 garbage-first heap   total 242688K, used 229832K [0x00000000c4c00000, 0x0000000100000000)
  region size 1024K, 1 young (1024K), 1 survivors (1024K)
 Metaspace       used 28392K, committed 28800K, reserved 1114112K
  class space    used 3899K, committed 4096K, reserved 1048576K
}
Event: 50.765 GC heap before
{Heap before GC invocations=9 (full 0):
 garbage-first heap   total 370688K, used 337352K [0x00000000c4c00000, 0x0000000100000000)
  region size 1024K, 11 young (11264K), 1 survivors (1024K)
 Metaspace       used 28872K, committed 29248K, reserved 1114112K
  class space    used 3961K, committed 4160K, reserved 1048576K
}
Event: 50.771 GC heap after
{Heap after GC invocations=10 (full 0):
 garbage-first heap   total 370688K, used 324630K [0x00000000c4c00000, 0x0000000100000000)
  region size 1024K, 2 young (2048K), 2 survivors (2048K)
 Metaspace       used 28872K, committed 29248K, reserved 1114112K
  class space    used 3961K, committed 4160K, reserved 1048576K
}
Event: 51.466 GC heap before
{Heap before GC invocations=10 (full 0):
 garbage-first heap   total 370688K, used 348182K [0x00000000c4c00000, 0x0000000100000000)
  region size 1024K, 25 young (25600K), 2 survivors (2048K)
 Metaspace       used 30600K, committed 30976K, reserved 1114112K
  class space    used 4285K, committed 4480K, reserved 1048576K
}
Event: 51.476 GC heap after
{Heap after GC invocations=11 (full 0):
 garbage-first heap   total 370688K, used 329347K [0x00000000c4c00000, 0x0000000100000000)
  region size 1024K, 4 young (4096K), 4 survivors (4096K)
 Metaspace       used 30600K, committed 30976K, reserved 1114112K
  class space    used 4285K, committed 4480K, reserved 1048576K
}
Event: 51.910 GC heap before
{Heap before GC invocations=11 (full 0):
 garbage-first heap   total 370688K, used 346755K [0x00000000c4c00000, 0x0000000100000000)
  region size 1024K, 21 young (21504K), 4 survivors (4096K)
 Metaspace       used 31151K, committed 31552K, reserved 1114112K
  class space    used 4362K, committed 4544K, reserved 1048576K
}
Event: 51.926 GC heap after
{Heap after GC invocations=12 (full 0):
 garbage-first heap   total 370688K, used 334773K [0x00000000c4c00000, 0x0000000100000000)
  region size 1024K, 3 young (3072K), 3 survivors (3072K)
 Metaspace       used 31151K, committed 31552K, reserved 1114112K
  class space    used 4362K, committed 4544K, reserved 1048576K
}
Event: 53.160 GC heap before
{Heap before GC invocations=13 (full 0):
 garbage-first heap   total 401408K, used 258997K [0x00000000c4c00000, 0x0000000100000000)
  region size 1024K, 19 young (19456K), 3 survivors (3072K)
 Metaspace       used 31647K, committed 32064K, reserved 1114112K
  class space    used 4400K, committed 4608K, reserved 1048576K
}
Event: 53.197 GC heap after
{Heap after GC invocations=14 (full 0):
 garbage-first heap   total 401408K, used 246759K [0x00000000c4c00000, 0x0000000100000000)
  region size 1024K, 3 young (3072K), 3 survivors (3072K)
 Metaspace       used 31647K, committed 32064K, reserved 1114112K
  class space    used 4400K, committed 4608K, reserved 1048576K
}
Event: 171.262 GC heap before
{Heap before GC invocations=14 (full 0):
 garbage-first heap   total 457728K, used 456679K [0x00000000c4c00000, 0x0000000100000000)
  region size 1024K, 25 young (25600K), 3 survivors (3072K)
 Metaspace       used 32095K, committed 32512K, reserved 1114112K
  class space    used 4402K, committed 4608K, reserved 1048576K
}
Event: 171.418 GC heap after
{Heap after GC invocations=15 (full 0):
 garbage-first heap   total 465920K, used 438223K [0x00000000c4c00000, 0x0000000100000000)
  region size 1024K, 7 young (7168K), 7 survivors (7168K)
 Metaspace       used 32095K, committed 32512K, reserved 1114112K
  class space    used 4402K, committed 4608K, reserved 1048576K
}
Event: 227.992 GC heap before
{Heap before GC invocations=15 (full 0):
 garbage-first heap   total 465920K, used 442319K [0x00000000c4c00000, 0x0000000100000000)
  region size 1024K, 12 young (12288K), 7 survivors (7168K)
 Metaspace       used 32151K, committed 32640K, reserved 1114112K
  class space    used 4402K, committed 4608K, reserved 1048576K
}
Event: 228.148 GC heap after
{Heap after GC invocations=16 (full 0):
 garbage-first heap   total 465920K, used 438822K [0x00000000c4c00000, 0x0000000100000000)
  region size 1024K, 1 young (1024K), 1 survivors (1024K)
 Metaspace       used 32151K, committed 32640K, reserved 1114112K
  class space    used 4402K, committed 4608K, reserved 1048576K
}

