# JRE version: OpenJDK Runtime Environment Temurin-21.0.8+9 (21.0.8+9) (build 21.0.8+9-LTS)
# Java VM: OpenJDK 64-Bit Server VM Temurin-21.0.8+9 (21.0.8+9-LTS, mixed mode, sharing, tiered, compressed oops, compressed class ptrs, g1 gc, windows-amd64)
GC Precious Log:
 CardTable entry size: 512
 Card Set container configuration: InlinePtr #cards 5 size 8 Array Of Cards #cards 12 size 40 Howl #buckets 4 coarsen threshold 1843 Howl Bitmap #cards 512 size 80 coarsen threshold 460 Card regions per heap region 1 cards per card region 2048
 CPUs: 4 total, 4 available
 Memory: 3790M
 Large Page Support: Disabled
 NUMA Support: Disabled
 Compressed Oops: Enabled (32-bit)
 Heap Region Size: 1M
 Heap Min Capacity: 8M
 Heap Initial Capacity: 60M
 Heap Max Capacity: 948M
 Pre-touch: Disabled
 Parallel Workers: 4
 Concurrent Workers: 1
 Concurrent Refinement Workers: 4
 Periodic GC: Disabled
Heap:
 garbage-first heap   total 189440K, used 180333K [0x00000000c4c00000, 0x0000000100000000)
  region size 1024K, 71 young (72704K), 5 survivors (5120K)
 Metaspace       used 35906K, committed 36288K, reserved 1114112K
  class space    used 4799K, committed 4992K, reserved 1048576K
GC Heap History (20 events):
Event: 3725.821 GC heap before
{Heap before GC invocations=34 (full 0):
 garbage-first heap   total 93184K, used 82507K [0x00000000c4c00000, 0x0000000100000000)
  region size 1024K, 34 young (34816K), 3 survivors (3072K)
 Metaspace       used 34996K, committed 35392K, reserved 1114112K
  class space    used 4772K, committed 4992K, reserved 1048576K
}
Event: 3725.859 GC heap after
{Heap after GC invocations=35 (full 0):
 garbage-first heap   total 93184K, used 50782K [0x00000000c4c00000, 0x0000000100000000)
  region size 1024K, 3 young (3072K), 3 survivors (3072K)
 Metaspace       used 34996K, committed 35392K, reserved 1114112K
  class space    used 4772K, committed 4992K, reserved 1048576K
}
Event: 3777.798 GC heap before
{Heap before GC invocations=36 (full 0):
 garbage-first heap   total 93184K, used 81502K [0x00000000c4c00000, 0x0000000100000000)
  region size 1024K, 34 young (34816K), 3 survivors (3072K)
 Metaspace       used 35309K, committed 35712K, reserved 1114112K
  class space    used 4790K, committed 4992K, reserved 1048576K
}
Event: 3777.836 GC heap after
{Heap after GC invocations=37 (full 0):
 garbage-first heap   total 93184K, used 50793K [0x00000000c4c00000, 0x0000000100000000)
  region size 1024K, 3 young (3072K), 3 survivors (3072K)
 Metaspace       used 35309K, committed 35712K, reserved 1114112K
  class space    used 4790K, committed 4992K, reserved 1048576K
}
Event: 3969.255 GC heap before
{Heap before GC invocations=37 (full 0):
 garbage-first heap   total 93184K, used 91753K [0x00000000c4c00000, 0x0000000100000000)
  region size 1024K, 34 young (34816K), 3 survivors (3072K)
 Metaspace       used 35344K, committed 35712K, reserved 1114112K
  class space    used 4790K, committed 4992K, reserved 1048576K
}
Event: 3969.333 GC heap after
{Heap after GC invocations=38 (full 0):
 garbage-first heap   total 97280K, used 56926K [0x00000000c4c00000, 0x0000000100000000)
  region size 1024K, 3 young (3072K), 3 survivors (3072K)
 Metaspace       used 35344K, committed 35712K, reserved 1114112K
  class space    used 4790K, committed 4992K, reserved 1048576K
}
Event: 4024.646 GC heap before
{Heap before GC invocations=38 (full 0):
 garbage-first heap   total 97280K, used 86622K [0x00000000c4c00000, 0x0000000100000000)
  region size 1024K, 33 young (33792K), 3 survivors (3072K)
 Metaspace       used 35408K, committed 35776K, reserved 1114112K
  class space    used 4790K, committed 4992K, reserved 1048576K
}
Event: 4024.678 GC heap after
{Heap after GC invocations=39 (full 0):
 garbage-first heap   total 97280K, used 57427K [0x00000000c4c00000, 0x0000000100000000)
  region size 1024K, 4 young (4096K), 4 survivors (4096K)
 Metaspace       used 35408K, committed 35776K, reserved 1114112K
  class space    used 4790K, committed 4992K, reserved 1048576K
}
Event: 4208.108 GC heap before
{Heap before GC invocations=40 (full 0):
 garbage-first heap   total 138240K, used 123987K [0x00000000c4c00000, 0x0000000100000000)
  region size 1024K, 30 young (30720K), 4 survivors (4096K)
 Metaspace       used 35450K, committed 35840K, reserved 1114112K
  class space    used 4790K, committed 4992K, reserved 1048576K
}
Event: 4208.272 GC heap after
{Heap after GC invocations=41 (full 0):
 garbage-first heap   total 138240K, used 53723K [0x00000000c4c00000, 0x0000000100000000)
  region size 1024K, 3 young (3072K), 3 survivors (3072K)
 Metaspace       used 35450K, committed 35840K, reserved 1114112K
  class space    used 4790K, committed 4992K, reserved 1048576K
}
Event: 4617.610 GC heap before
{Heap before GC invocations=41 (full 0):
 garbage-first heap   total 138240K, used 137691K [0x00000000c4c00000, 0x0000000100000000)
  region size 1024K, 66 young (67584K), 3 survivors (3072K)
 Metaspace       used 35549K, committed 35904K, reserved 1114112K
  class space    used 4790K, committed 4992K, reserved 1048576K
}
Event: 4617.691 GC heap after
{Heap after GC invocations=42 (full 0):
 garbage-first heap   total 142336K, used 58382K [0x00000000c4c00000, 0x0000000100000000)
  region size 1024K, 2 young (2048K), 2 survivors (2048K)
 Metaspace       used 35549K, committed 35904K, reserved 1114112K
  class space    used 4790K, committed 4992K, reserved 1048576K
}
Event: 4655.790 GC heap before
{Heap before GC invocations=42 (full 0):
 garbage-first heap   total 142336K, used 77838K [0x00000000c4c00000, 0x0000000100000000)
  region size 1024K, 22 young (22528K), 2 survivors (2048K)
 Metaspace       used 35561K, committed 35904K, reserved 1114112K
  class space    used 4790K, committed 4992K, reserved 1048576K
}
Event: 4655.828 GC heap after
{Heap after GC invocations=43 (full 0):
 garbage-first heap   total 142336K, used 54579K [0x00000000c4c00000, 0x0000000100000000)
  region size 1024K, 3 young (3072K), 3 survivors (3072K)
 Metaspace       used 35561K, committed 35904K, reserved 1114112K
  class space    used 4790K, committed 4992K, reserved 1048576K
}
Event: 4861.225 GC heap before
{Heap before GC invocations=44 (full 0):
 garbage-first heap   total 142336K, used 132403K [0x00000000c4c00000, 0x0000000100000000)
  region size 1024K, 76 young (77824K), 3 survivors (3072K)
 Metaspace       used 35629K, committed 35968K, reserved 1114112K
  class space    used 4792K, committed 4992K, reserved 1048576K
}
Event: 4861.287 GC heap after
{Heap after GC invocations=45 (full 0):
 garbage-first heap   total 142336K, used 53563K [0x00000000c4c00000, 0x0000000100000000)
  region size 1024K, 4 young (4096K), 4 survivors (4096K)
 Metaspace       used 35629K, committed 35968K, reserved 1114112K
  class space    used 4792K, committed 4992K, reserved 1048576K
}
Event: 4933.305 GC heap before
{Heap before GC invocations=45 (full 0):
 garbage-first heap   total 142336K, used 128315K [0x00000000c4c00000, 0x0000000100000000)
  region size 1024K, 77 young (78848K), 4 survivors (4096K)
 Metaspace       used 35754K, committed 36160K, reserved 1114112K
  class space    used 4797K, committed 4992K, reserved 1048576K
}
Event: 4933.349 GC heap after
{Heap after GC invocations=46 (full 0):
 garbage-first heap   total 142336K, used 53557K [0x00000000c4c00000, 0x0000000100000000)
  region size 1024K, 4 young (4096K), 4 survivors (4096K)
 Metaspace       used 35754K, committed 36160K, reserved 1114112K
  class space    used 4797K, committed 4992K, reserved 1048576K
}
Event: 4971.814 GC heap before
{Heap before GC invocations=46 (full 0):
 garbage-first heap   total 142336K, used 78133K [0x00000000c4c00000, 0x0000000100000000)
  region size 1024K, 29 young (29696K), 4 survivors (4096K)
 Metaspace       used 35829K, committed 36160K, reserved 1114112K
  class space    used 4797K, committed 4992K, reserved 1048576K
}
Event: 4971.850 GC heap after
{Heap after GC invocations=47 (full 0):
 garbage-first heap   total 142336K, used 54378K [0x00000000c4c00000, 0x0000000100000000)
  region size 1024K, 5 young (5120K), 5 survivors (5120K)
 Metaspace       used 35829K, committed 36160K, reserved 1114112K
  class space    used 4797K, committed 4992K, reserved 1048576K
}

