# JRE version: OpenJDK Runtime Environment Temurin-21.0.8+9 (21.0.8+9) (build 21.0.8+9-LTS)
# Java VM: OpenJDK 64-Bit Server VM Temurin-21.0.8+9 (21.0.8+9-LTS, mixed mode, sharing, tiered, compressed oops, compressed class ptrs, g1 gc, windows-amd64)
GC Precious Log:
 CardTable entry size: 512
 Card Set container configuration: InlinePtr #cards 5 size 8 Array Of Cards #cards 12 size 40 Howl #buckets 4 coarsen threshold 1843 Howl Bitmap #cards 512 size 80 coarsen threshold 460 Card regions per heap region 1 cards per card region 2048
 CPUs: 4 total, 4 available
 Memory: 3790M
 Large Page Support: Disabled
 NUMA Support: Disabled
 Compressed Oops: Enabled (32-bit)
 Heap Region Size: 1M
 Heap Min Capacity: 8M
 Heap Initial Capacity: 60M
 Heap Max Capacity: 948M
 Pre-touch: Disabled
 Parallel Workers: 4
 Concurrent Workers: 1
 Concurrent Refinement Workers: 4
 Periodic GC: Disabled
Heap:
 garbage-first heap   total 389120K, used 364283K [0x00000000c4c00000, 0x0000000100000000)
  region size 1024K, 36 young (36864K), 2 survivors (2048K)
 Metaspace       used 32045K, committed 32448K, reserved 1114112K
  class space    used 4404K, committed 4608K, reserved 1048576K
GC Heap History (20 events):
Event: 9.755 GC heap before
{Heap before GC invocations=1 (full 0):
 garbage-first heap   total 61440K, used 25262K [0x00000000c4c00000, 0x0000000100000000)
  region size 1024K, 23 young (23552K), 2 survivors (2048K)
 Metaspace       used 8113K, committed 8320K, reserved 1114112K
  class space    used 1039K, committed 1152K, reserved 1048576K
}
Event: 9.842 GC heap after
{Heap after GC invocations=2 (full 0):
 garbage-first heap   total 61440K, used 8401K [0x00000000c4c00000, 0x0000000100000000)
  region size 1024K, 3 young (3072K), 3 survivors (3072K)
 Metaspace       used 8113K, committed 8320K, reserved 1114112K
  class space    used 1039K, committed 1152K, reserved 1048576K
}
Event: 26.852 GC heap before
{Heap before GC invocations=2 (full 0):
 garbage-first heap   total 61440K, used 50385K [0x00000000c4c00000, 0x0000000100000000)
  region size 1024K, 36 young (36864K), 3 survivors (3072K)
 Metaspace       used 15260K, committed 15680K, reserved 1114112K
  class space    used 2153K, committed 2368K, reserved 1048576K
}
Event: 26.879 GC heap after
{Heap after GC invocations=3 (full 0):
 garbage-first heap   total 61440K, used 21834K [0x00000000c4c00000, 0x0000000100000000)
  region size 1024K, 5 young (5120K), 5 survivors (5120K)
 Metaspace       used 15260K, committed 15680K, reserved 1114112K
  class space    used 2153K, committed 2368K, reserved 1048576K
}
Event: 36.400 GC heap before
{Heap before GC invocations=3 (full 0):
 garbage-first heap   total 61440K, used 47434K [0x00000000c4c00000, 0x0000000100000000)
  region size 1024K, 26 young (26624K), 5 survivors (5120K)
 Metaspace       used 21193K, committed 21504K, reserved 1114112K
  class space    used 2982K, committed 3136K, reserved 1048576K
}
Event: 36.409 GC heap after
{Heap after GC invocations=4 (full 0):
 garbage-first heap   total 61440K, used 31125K [0x00000000c4c00000, 0x0000000100000000)
  region size 1024K, 3 young (3072K), 3 survivors (3072K)
 Metaspace       used 21193K, committed 21504K, reserved 1114112K
  class space    used 2982K, committed 3136K, reserved 1048576K
}
Event: 39.640 GC heap before
{Heap before GC invocations=5 (full 0):
 garbage-first heap   total 61440K, used 55701K [0x00000000c4c00000, 0x0000000100000000)
  region size 1024K, 22 young (22528K), 3 survivors (3072K)
 Metaspace       used 27710K, committed 28032K, reserved 1114112K
  class space    used 3770K, committed 3904K, reserved 1048576K
}
Event: 39.652 GC heap after
{Heap after GC invocations=6 (full 0):
 garbage-first heap   total 62464K, used 38956K [0x00000000c4c00000, 0x0000000100000000)
  region size 1024K, 3 young (3072K), 3 survivors (3072K)
 Metaspace       used 27710K, committed 28032K, reserved 1114112K
  class space    used 3770K, committed 3904K, reserved 1048576K
}
Event: 40.878 GC heap before
{Heap before GC invocations=6 (full 0):
 garbage-first heap   total 133120K, used 132140K [0x00000000c4c00000, 0x0000000100000000)
  region size 1024K, 12 young (12288K), 3 survivors (3072K)
 Metaspace       used 28428K, committed 28864K, reserved 1114112K
  class space    used 3915K, committed 4096K, reserved 1048576K
}
Event: 40.886 GC heap after
{Heap after GC invocations=7 (full 0):
 garbage-first heap   total 138240K, used 124027K [0x00000000c4c00000, 0x0000000100000000)
  region size 1024K, 2 young (2048K), 2 survivors (2048K)
 Metaspace       used 28428K, committed 28864K, reserved 1114112K
  class space    used 3915K, committed 4096K, reserved 1048576K
}
Event: 40.888 GC heap before
{Heap before GC invocations=7 (full 0):
 garbage-first heap   total 138240K, used 124027K [0x00000000c4c00000, 0x0000000100000000)
  region size 1024K, 3 young (3072K), 2 survivors (2048K)
 Metaspace       used 28433K, committed 28864K, reserved 1114112K
  class space    used 3915K, committed 4096K, reserved 1048576K
}
Event: 40.892 GC heap after
{Heap after GC invocations=8 (full 0):
 garbage-first heap   total 138240K, used 124612K [0x00000000c4c00000, 0x0000000100000000)
  region size 1024K, 1 young (1024K), 1 survivors (1024K)
 Metaspace       used 28433K, committed 28864K, reserved 1114112K
  class space    used 3915K, committed 4096K, reserved 1048576K
}
Event: 45.596 GC heap before
{Heap before GC invocations=9 (full 0):
 garbage-first heap   total 328704K, used 326340K [0x00000000c4c00000, 0x0000000100000000)
  region size 1024K, 7 young (7168K), 1 survivors (1024K)
 Metaspace       used 28676K, committed 29056K, reserved 1114112K
  class space    used 3925K, committed 4096K, reserved 1048576K
}
Event: 45.614 GC heap after
{Heap after GC invocations=10 (full 0):
 garbage-first heap   total 330752K, used 313334K [0x00000000c4c00000, 0x0000000100000000)
  region size 1024K, 2 young (2048K), 2 survivors (2048K)
 Metaspace       used 28676K, committed 29056K, reserved 1114112K
  class space    used 3925K, committed 4096K, reserved 1048576K
}
Event: 47.717 GC heap before
{Heap before GC invocations=10 (full 0):
 garbage-first heap   total 330752K, used 327670K [0x00000000c4c00000, 0x0000000100000000)
  region size 1024K, 16 young (16384K), 2 survivors (2048K)
 Metaspace       used 29841K, committed 30144K, reserved 1114112K
  class space    used 4156K, committed 4288K, reserved 1048576K
}
Event: 47.729 GC heap after
{Heap after GC invocations=11 (full 0):
 garbage-first heap   total 332800K, used 314481K [0x00000000c4c00000, 0x0000000100000000)
  region size 1024K, 2 young (2048K), 2 survivors (2048K)
 Metaspace       used 29841K, committed 30144K, reserved 1114112K
  class space    used 4156K, committed 4288K, reserved 1048576K
}
Event: 47.992 GC heap before
{Heap before GC invocations=11 (full 0):
 garbage-first heap   total 332800K, used 328817K [0x00000000c4c00000, 0x0000000100000000)
  region size 1024K, 16 young (16384K), 2 survivors (2048K)
 Metaspace       used 30468K, committed 30848K, reserved 1114112K
  class space    used 4246K, committed 4416K, reserved 1048576K
}
Event: 48.000 GC heap after
{Heap after GC invocations=12 (full 0):
 garbage-first heap   total 334848K, used 318264K [0x00000000c4c00000, 0x0000000100000000)
  region size 1024K, 2 young (2048K), 2 survivors (2048K)
 Metaspace       used 30468K, committed 30848K, reserved 1114112K
  class space    used 4246K, committed 4416K, reserved 1048576K
}
Event: 48.301 GC heap before
{Heap before GC invocations=13 (full 0):
 garbage-first heap   total 389120K, used 247608K [0x00000000c4c00000, 0x0000000100000000)
  region size 1024K, 16 young (16384K), 2 survivors (2048K)
 Metaspace       used 31270K, committed 31616K, reserved 1114112K
  class space    used 4384K, committed 4544K, reserved 1048576K
}
Event: 48.309 GC heap after
{Heap after GC invocations=14 (full 0):
 garbage-first heap   total 389120K, used 237307K [0x00000000c4c00000, 0x0000000100000000)
  region size 1024K, 2 young (2048K), 2 survivors (2048K)
 Metaspace       used 31270K, committed 31616K, reserved 1114112K
  class space    used 4384K, committed 4544K, reserved 1048576K
}

